2024-08-14 23:25:21,911 - __main__ - INFO: получение информации о вакансиях
2024-08-14 23:25:21,913 - __main__ - ERROR: Ошибка запроса к API при поиске работодателя: Invalid URL 'None/employers': No scheme supplied. Perhaps you meant https://None/employers?
2024-08-14 23:30:17,989 - __main__ - INFO: получение информации о вакансиях
2024-08-14 23:30:18,396 - __main__ - ERROR: Ошибка запроса к API при поиске работодателя: 404 Client Error: Not Found for url: https://api.hh.ru/vacancies/employers?text=ABCP
2024-08-15 00:53:50,248 - __main__ - INFO: получение информации о вакансиях
2024-08-15 00:53:50,248 - __main__ - INFO: Получение вакансий для работодателя ID 561525
2024-08-15 00:53:50,741 - __main__ - ERROR: Ошибка запроса к API при получении вакансий: 404 Client Error: Not Found for url: https://api.hh.ru/vacancies/vacancies?employer_id=561525&per_page=50
2024-08-15 01:03:57,949 - __main__ - INFO: получение информации о вакансиях
2024-08-15 01:03:57,949 - __main__ - INFO: Получение вакансий для работодателя ID 561525
2024-08-15 01:04:00,749 - __main__ - INFO: Запрос успешно выполнен для вакансий работодателя с ID 561525
2024-08-15 01:04:00,750 - __main__ - INFO: Получение вакансий для работодателя ID 1721871
2024-08-15 01:04:01,807 - __main__ - INFO: Запрос успешно выполнен для вакансий работодателя с ID 1721871
2024-08-15 01:04:01,809 - __main__ - INFO: Получение вакансий для работодателя ID 10438139
2024-08-15 01:04:02,316 - __main__ - INFO: Запрос успешно выполнен для вакансий работодателя с ID 10438139
2024-08-15 01:04:02,317 - __main__ - INFO: Получение вакансий для работодателя ID 9740285
2024-08-15 01:04:02,661 - __main__ - INFO: Запрос успешно выполнен для вакансий работодателя с ID 9740285
2024-08-15 01:04:02,662 - __main__ - INFO: Получение вакансий для работодателя ID 4667763
2024-08-15 01:04:04,277 - __main__ - INFO: Запрос успешно выполнен для вакансий работодателя с ID 4667763
2024-08-15 01:04:04,279 - __main__ - INFO: Получение вакансий для работодателя ID 985552
2024-08-15 01:04:05,228 - __main__ - INFO: Запрос успешно выполнен для вакансий работодателя с ID 985552
2024-08-15 01:04:05,228 - __main__ - INFO: Получение вакансий для работодателя ID 2628254
2024-08-15 01:04:05,595 - __main__ - INFO: Запрос успешно выполнен для вакансий работодателя с ID 2628254
2024-08-15 01:04:05,597 - __main__ - INFO: Получение вакансий для работодателя ID 8932785
2024-08-15 01:04:07,873 - __main__ - INFO: Запрос успешно выполнен для вакансий работодателя с ID 8932785
2024-08-15 01:04:07,873 - __main__ - INFO: Получение вакансий для работодателя ID 1178077
2024-08-15 01:04:08,222 - __main__ - INFO: Запрос успешно выполнен для вакансий работодателя с ID 1178077
2024-08-15 01:04:08,224 - __main__ - INFO: Получение вакансий для работодателя ID 1455
2024-08-15 01:04:08,799 - __main__ - INFO: Запрос успешно выполнен для вакансий работодателя с ID 1455
2024-08-16 01:27:44,481 - __main__ - INFO: получение информации о вакансиях
2024-08-16 01:27:44,481 - __main__ - INFO: Получение вакансий для работодателя ID 561525
2024-08-16 01:27:44,911 - __main__ - INFO: Запрос успешно выполнен для вакансий работодателя с ID 561525
2024-08-16 01:27:44,911 - __main__ - INFO: Получение вакансий для работодателя ID 1721871
2024-08-16 01:27:45,430 - __main__ - INFO: Запрос успешно выполнен для вакансий работодателя с ID 1721871
2024-08-16 01:27:45,431 - __main__ - INFO: Получение вакансий для работодателя ID 10438139
2024-08-16 01:27:45,744 - __main__ - INFO: Запрос успешно выполнен для вакансий работодателя с ID 10438139
2024-08-16 01:27:45,745 - __main__ - INFO: Получение вакансий для работодателя ID 9740285
2024-08-16 01:27:46,053 - __main__ - INFO: Запрос успешно выполнен для вакансий работодателя с ID 9740285
2024-08-16 01:27:46,054 - __main__ - INFO: Получение вакансий для работодателя ID 4667763
2024-08-16 01:27:46,393 - __main__ - INFO: Запрос успешно выполнен для вакансий работодателя с ID 4667763
2024-08-16 01:27:46,393 - __main__ - INFO: Получение вакансий для работодателя ID 985552
2024-08-16 01:27:46,727 - __main__ - INFO: Запрос успешно выполнен для вакансий работодателя с ID 985552
2024-08-16 01:27:46,727 - __main__ - INFO: Получение вакансий для работодателя ID 2628254
2024-08-16 01:27:47,083 - __main__ - INFO: Запрос успешно выполнен для вакансий работодателя с ID 2628254
2024-08-16 01:27:47,085 - __main__ - INFO: Получение вакансий для работодателя ID 8932785
2024-08-16 01:27:47,383 - __main__ - INFO: Запрос успешно выполнен для вакансий работодателя с ID 8932785
2024-08-16 01:27:47,383 - __main__ - INFO: Получение вакансий для работодателя ID 1178077
2024-08-16 01:27:47,728 - __main__ - INFO: Запрос успешно выполнен для вакансий работодателя с ID 1178077
2024-08-16 01:27:47,729 - __main__ - INFO: Получение вакансий для работодателя ID 1455
2024-08-16 01:27:48,184 - __main__ - INFO: Запрос успешно выполнен для вакансий работодателя с ID 1455
2024-08-16 01:28:17,529 - src.api_service - INFO: получение информации о вакансиях
2024-08-17 22:26:48,582 - __main__ - INFO: получение информации о вакансиях
2024-08-17 22:26:48,582 - __main__ - INFO: Получение вакансий для работодателя ID [
2024-08-17 22:26:49,087 - __main__ - ERROR: Ошибка запроса к API при получении вакансий: 400 Client Error: Bad Request for url: https://api.hh.ru/vacancies?employer_id=%5B&per_page=50
2024-08-17 22:27:58,827 - __main__ - INFO: получение информации о вакансиях
2024-08-17 22:27:58,827 - __main__ - INFO: Получение вакансий для работодателя ID [
2024-08-17 22:27:59,180 - __main__ - ERROR: Ошибка запроса к API при получении вакансий: 400 Client Error: Bad Request for url: https://api.hh.ru/vacancies?employer_id=%5B&per_page=50
2024-08-17 22:28:52,933 - __main__ - INFO: получение информации о вакансиях
2024-08-17 22:28:52,933 - __main__ - INFO: Получение вакансий для работодателя ID [
2024-08-17 22:28:53,227 - __main__ - ERROR: Ошибка запроса к API при получении вакансий: 400 Client Error: Bad Request for url: https://api.hh.ru/vacancies?employer_id=%5B&per_page=50
2024-08-17 22:29:22,757 - __main__ - INFO: получение информации о вакансиях
2024-08-17 22:29:22,758 - __main__ - INFO: Получение вакансий для работодателя ID 561525
2024-08-17 22:29:23,080 - __main__ - INFO: Запрос успешно выполнен для вакансий работодателя с ID 561525
2024-08-17 22:29:23,081 - __main__ - INFO: Получение вакансий для работодателя ID 1721871
2024-08-17 22:29:23,492 - __main__ - INFO: Запрос успешно выполнен для вакансий работодателя с ID 1721871
2024-08-17 22:29:23,493 - __main__ - INFO: Получение вакансий для работодателя ID 10438139
2024-08-17 22:29:23,804 - __main__ - INFO: Запрос успешно выполнен для вакансий работодателя с ID 10438139
2024-08-17 22:29:23,804 - __main__ - INFO: Получение вакансий для работодателя ID 9740285
2024-08-17 22:29:24,190 - __main__ - INFO: Запрос успешно выполнен для вакансий работодателя с ID 9740285
2024-08-17 22:29:24,191 - __main__ - INFO: Получение вакансий для работодателя ID 4667763
2024-08-17 22:29:24,554 - __main__ - INFO: Запрос успешно выполнен для вакансий работодателя с ID 4667763
2024-08-17 22:29:24,555 - __main__ - INFO: Получение вакансий для работодателя ID 985552
2024-08-17 22:29:24,877 - __main__ - INFO: Запрос успешно выполнен для вакансий работодателя с ID 985552
2024-08-17 22:29:24,877 - __main__ - INFO: Получение вакансий для работодателя ID 2628254
2024-08-17 22:29:25,244 - __main__ - INFO: Запрос успешно выполнен для вакансий работодателя с ID 2628254
2024-08-17 22:29:25,245 - __main__ - INFO: Получение вакансий для работодателя ID 8932785
2024-08-17 22:29:25,554 - __main__ - INFO: Запрос успешно выполнен для вакансий работодателя с ID 8932785
2024-08-17 22:29:25,554 - __main__ - INFO: Получение вакансий для работодателя ID 1178077
2024-08-17 22:29:25,878 - __main__ - INFO: Запрос успешно выполнен для вакансий работодателя с ID 1178077
2024-08-17 22:29:25,878 - __main__ - INFO: Получение вакансий для работодателя ID 1455
2024-08-17 22:29:26,340 - __main__ - INFO: Запрос успешно выполнен для вакансий работодателя с ID 1455
2024-08-17 22:31:46,771 - __main__ - INFO: получение информации о вакансиях
2024-08-17 22:31:46,772 - __main__ - INFO: Получение вакансий для работодателя ID 561525
2024-08-17 22:31:47,112 - __main__ - INFO: Запрос успешно выполнен для вакансий работодателя с ID 561525
2024-08-17 22:31:47,113 - __main__ - INFO: Получение вакансий для работодателя ID 1721871
2024-08-17 22:31:47,513 - __main__ - INFO: Запрос успешно выполнен для вакансий работодателя с ID 1721871
2024-08-17 22:31:47,514 - __main__ - INFO: Получение вакансий для работодателя ID 10438139
2024-08-17 22:31:47,886 - __main__ - INFO: Запрос успешно выполнен для вакансий работодателя с ID 10438139
2024-08-17 22:31:47,886 - __main__ - INFO: Получение вакансий для работодателя ID 9740285
2024-08-17 22:31:48,215 - __main__ - INFO: Запрос успешно выполнен для вакансий работодателя с ID 9740285
2024-08-17 22:31:48,215 - __main__ - INFO: Получение вакансий для работодателя ID 4667763
2024-08-17 22:31:48,555 - __main__ - INFO: Запрос успешно выполнен для вакансий работодателя с ID 4667763
2024-08-17 22:31:48,556 - __main__ - INFO: Получение вакансий для работодателя ID 985552
2024-08-17 22:31:48,871 - __main__ - INFO: Запрос успешно выполнен для вакансий работодателя с ID 985552
2024-08-17 22:31:48,871 - __main__ - INFO: Получение вакансий для работодателя ID 2628254
2024-08-17 22:31:49,285 - __main__ - INFO: Запрос успешно выполнен для вакансий работодателя с ID 2628254
2024-08-17 22:31:49,286 - __main__ - INFO: Получение вакансий для работодателя ID 8932785
2024-08-17 22:31:49,619 - __main__ - INFO: Запрос успешно выполнен для вакансий работодателя с ID 8932785
2024-08-17 22:31:49,620 - __main__ - INFO: Получение вакансий для работодателя ID 1178077
2024-08-17 22:31:50,142 - __main__ - INFO: Запрос успешно выполнен для вакансий работодателя с ID 1178077
2024-08-17 22:31:50,143 - __main__ - INFO: Получение вакансий для работодателя ID 1455
2024-08-17 22:31:50,651 - __main__ - INFO: Запрос успешно выполнен для вакансий работодателя с ID 1455
2024-08-17 22:46:05,854 - __main__ - INFO: получение информации о вакансиях
2024-08-17 22:46:05,854 - __main__ - INFO: Получение вакансий для работодателя ID 561525
2024-08-17 22:46:06,316 - __main__ - INFO: Запрос успешно выполнен для вакансий работодателя с ID 561525
2024-08-17 22:46:06,317 - __main__ - INFO: Получение вакансий для работодателя ID 1721871
2024-08-17 22:46:06,733 - __main__ - INFO: Запрос успешно выполнен для вакансий работодателя с ID 1721871
2024-08-17 22:46:06,735 - __main__ - INFO: Получение вакансий для работодателя ID 10438139
2024-08-17 22:46:07,088 - __main__ - INFO: Запрос успешно выполнен для вакансий работодателя с ID 10438139
2024-08-17 22:46:07,089 - __main__ - INFO: Получение вакансий для работодателя ID 9740285
2024-08-17 22:46:07,511 - __main__ - INFO: Запрос успешно выполнен для вакансий работодателя с ID 9740285
2024-08-17 22:46:07,512 - __main__ - INFO: Получение вакансий для работодателя ID 4667763
2024-08-17 22:46:08,027 - __main__ - INFO: Запрос успешно выполнен для вакансий работодателя с ID 4667763
2024-08-17 22:46:08,028 - __main__ - INFO: Получение вакансий для работодателя ID 985552
2024-08-17 22:46:08,361 - __main__ - INFO: Запрос успешно выполнен для вакансий работодателя с ID 985552
2024-08-17 22:46:08,361 - __main__ - INFO: Получение вакансий для работодателя ID 2628254
2024-08-17 22:46:08,753 - __main__ - INFO: Запрос успешно выполнен для вакансий работодателя с ID 2628254
2024-08-17 22:46:08,754 - __main__ - INFO: Получение вакансий для работодателя ID 8932785
2024-08-17 22:46:09,102 - __main__ - INFO: Запрос успешно выполнен для вакансий работодателя с ID 8932785
2024-08-17 22:46:09,103 - __main__ - INFO: Получение вакансий для работодателя ID 1178077
2024-08-17 22:46:09,448 - __main__ - INFO: Запрос успешно выполнен для вакансий работодателя с ID 1178077
2024-08-17 22:46:09,448 - __main__ - INFO: Получение вакансий для работодателя ID 1455
2024-08-17 22:46:10,018 - __main__ - INFO: Запрос успешно выполнен для вакансий работодателя с ID 1455
2024-08-17 23:36:22,118 - vacancy_api - INFO: получение информации о вакансиях
2024-08-17 23:36:22,118 - vacancy_api - INFO: Получение вакансий для работодателя ID 561525
2024-08-17 23:36:22,479 - vacancy_api - INFO: Запрос успешно выполнен для вакансий работодателя с ID 561525
2024-08-17 23:36:22,480 - vacancy_api - INFO: Получение вакансий для работодателя ID 1721871
2024-08-17 23:36:22,933 - vacancy_api - INFO: Запрос успешно выполнен для вакансий работодателя с ID 1721871
2024-08-17 23:36:22,934 - vacancy_api - INFO: Получение вакансий для работодателя ID 10438139
2024-08-17 23:36:23,234 - vacancy_api - INFO: Запрос успешно выполнен для вакансий работодателя с ID 10438139
2024-08-17 23:36:23,235 - vacancy_api - INFO: Получение вакансий для работодателя ID 9740285
2024-08-17 23:36:23,563 - vacancy_api - INFO: Запрос успешно выполнен для вакансий работодателя с ID 9740285
2024-08-17 23:36:23,563 - vacancy_api - INFO: Получение вакансий для работодателя ID 4667763
2024-08-17 23:36:23,883 - vacancy_api - INFO: Запрос успешно выполнен для вакансий работодателя с ID 4667763
2024-08-17 23:36:23,884 - vacancy_api - INFO: Получение вакансий для работодателя ID 985552
2024-08-17 23:36:24,193 - vacancy_api - INFO: Запрос успешно выполнен для вакансий работодателя с ID 985552
2024-08-17 23:36:24,193 - vacancy_api - INFO: Получение вакансий для работодателя ID 2628254
2024-08-17 23:36:24,523 - vacancy_api - INFO: Запрос успешно выполнен для вакансий работодателя с ID 2628254
2024-08-17 23:36:24,524 - vacancy_api - INFO: Получение вакансий для работодателя ID 8932785
2024-08-17 23:36:24,858 - vacancy_api - INFO: Запрос успешно выполнен для вакансий работодателя с ID 8932785
2024-08-17 23:36:24,859 - vacancy_api - INFO: Получение вакансий для работодателя ID 1178077
2024-08-17 23:36:25,177 - vacancy_api - INFO: Запрос успешно выполнен для вакансий работодателя с ID 1178077
2024-08-17 23:36:25,177 - vacancy_api - INFO: Получение вакансий для работодателя ID 1455
2024-08-17 23:36:25,664 - vacancy_api - INFO: Запрос успешно выполнен для вакансий работодателя с ID 1455
2024-08-18 00:07:58,462 - vacancy_api - INFO: получение информации о вакансиях
2024-08-18 00:07:58,462 - vacancy_api - INFO: Получение вакансий для работодателя ID 561525
2024-08-18 00:07:58,939 - vacancy_api - INFO: Запрос успешно выполнен для вакансий работодателя с ID 561525
2024-08-18 00:07:58,940 - vacancy_api - INFO: Получение вакансий для работодателя ID 1721871
2024-08-18 00:07:59,387 - vacancy_api - INFO: Запрос успешно выполнен для вакансий работодателя с ID 1721871
2024-08-18 00:07:59,388 - vacancy_api - INFO: Получение вакансий для работодателя ID 10438139
2024-08-18 00:07:59,685 - vacancy_api - INFO: Запрос успешно выполнен для вакансий работодателя с ID 10438139
2024-08-18 00:07:59,685 - vacancy_api - INFO: Получение вакансий для работодателя ID 9740285
2024-08-18 00:08:00,004 - vacancy_api - INFO: Запрос успешно выполнен для вакансий работодателя с ID 9740285
2024-08-18 00:08:00,004 - vacancy_api - INFO: Получение вакансий для работодателя ID 4667763
2024-08-18 00:08:00,348 - vacancy_api - INFO: Запрос успешно выполнен для вакансий работодателя с ID 4667763
2024-08-18 00:08:00,348 - vacancy_api - INFO: Получение вакансий для работодателя ID 985552
2024-08-18 00:08:00,714 - vacancy_api - INFO: Запрос успешно выполнен для вакансий работодателя с ID 985552
2024-08-18 00:08:00,715 - vacancy_api - INFO: Получение вакансий для работодателя ID 2628254
2024-08-18 00:08:01,201 - vacancy_api - INFO: Запрос успешно выполнен для вакансий работодателя с ID 2628254
2024-08-18 00:08:01,201 - vacancy_api - INFO: Получение вакансий для работодателя ID 8932785
2024-08-18 00:08:01,554 - vacancy_api - INFO: Запрос успешно выполнен для вакансий работодателя с ID 8932785
2024-08-18 00:08:01,555 - vacancy_api - INFO: Получение вакансий для работодателя ID 1178077
2024-08-18 00:08:02,097 - vacancy_api - INFO: Запрос успешно выполнен для вакансий работодателя с ID 1178077
2024-08-18 00:08:02,098 - vacancy_api - INFO: Получение вакансий для работодателя ID 1455
2024-08-18 00:08:02,561 - vacancy_api - INFO: Запрос успешно выполнен для вакансий работодателя с ID 1455
2024-08-18 00:10:06,373 - vacancy_api - INFO: получение информации о вакансиях
2024-08-18 00:10:06,373 - vacancy_api - INFO: Получение вакансий для работодателя ID 561525
2024-08-18 00:10:06,727 - vacancy_api - INFO: Запрос успешно выполнен для вакансий работодателя с ID 561525
2024-08-18 00:10:06,727 - vacancy_api - INFO: Получение вакансий для работодателя ID 1721871
2024-08-18 00:10:07,254 - vacancy_api - INFO: Запрос успешно выполнен для вакансий работодателя с ID 1721871
2024-08-18 00:10:07,256 - vacancy_api - INFO: Получение вакансий для работодателя ID 10438139
2024-08-18 00:10:07,548 - vacancy_api - INFO: Запрос успешно выполнен для вакансий работодателя с ID 10438139
2024-08-18 00:10:07,549 - vacancy_api - INFO: Получение вакансий для работодателя ID 9740285
2024-08-18 00:10:07,848 - vacancy_api - INFO: Запрос успешно выполнен для вакансий работодателя с ID 9740285
2024-08-18 00:10:07,849 - vacancy_api - INFO: Получение вакансий для работодателя ID 4667763
2024-08-18 00:10:08,138 - vacancy_api - INFO: Запрос успешно выполнен для вакансий работодателя с ID 4667763
2024-08-18 00:10:08,139 - vacancy_api - INFO: Получение вакансий для работодателя ID 985552
2024-08-18 00:10:08,434 - vacancy_api - INFO: Запрос успешно выполнен для вакансий работодателя с ID 985552
2024-08-18 00:10:08,434 - vacancy_api - INFO: Получение вакансий для работодателя ID 2628254
2024-08-18 00:10:08,921 - vacancy_api - INFO: Запрос успешно выполнен для вакансий работодателя с ID 2628254
2024-08-18 00:10:08,922 - vacancy_api - INFO: Получение вакансий для работодателя ID 8932785
2024-08-18 00:10:09,215 - vacancy_api - INFO: Запрос успешно выполнен для вакансий работодателя с ID 8932785
2024-08-18 00:10:09,215 - vacancy_api - INFO: Получение вакансий для работодателя ID 1178077
2024-08-18 00:10:09,534 - vacancy_api - INFO: Запрос успешно выполнен для вакансий работодателя с ID 1178077
2024-08-18 00:10:09,534 - vacancy_api - INFO: Получение вакансий для работодателя ID 1455
2024-08-18 00:10:10,038 - vacancy_api - INFO: Запрос успешно выполнен для вакансий работодателя с ID 1455
2024-08-18 00:11:36,474 - vacancy_api - INFO: получение информации о вакансиях
2024-08-18 00:11:36,474 - vacancy_api - INFO: Получение вакансий для работодателя ID 561525
2024-08-18 00:11:36,781 - vacancy_api - INFO: Запрос успешно выполнен для вакансий работодателя с ID 561525
2024-08-18 00:11:36,781 - vacancy_api - INFO: Получение вакансий для работодателя ID 1721871
2024-08-18 00:11:37,293 - vacancy_api - INFO: Запрос успешно выполнен для вакансий работодателя с ID 1721871
2024-08-18 00:11:37,294 - vacancy_api - INFO: Получение вакансий для работодателя ID 10438139
2024-08-18 00:11:37,665 - vacancy_api - INFO: Запрос успешно выполнен для вакансий работодателя с ID 10438139
2024-08-18 00:11:37,665 - vacancy_api - INFO: Получение вакансий для работодателя ID 9740285
2024-08-18 00:11:38,046 - vacancy_api - INFO: Запрос успешно выполнен для вакансий работодателя с ID 9740285
2024-08-18 00:11:38,047 - vacancy_api - INFO: Получение вакансий для работодателя ID 4667763
2024-08-18 00:11:38,467 - vacancy_api - INFO: Запрос успешно выполнен для вакансий работодателя с ID 4667763
2024-08-18 00:11:38,468 - vacancy_api - INFO: Получение вакансий для работодателя ID 985552
2024-08-18 00:11:38,894 - vacancy_api - INFO: Запрос успешно выполнен для вакансий работодателя с ID 985552
2024-08-18 00:11:38,894 - vacancy_api - INFO: Получение вакансий для работодателя ID 2628254
2024-08-18 00:11:39,247 - vacancy_api - INFO: Запрос успешно выполнен для вакансий работодателя с ID 2628254
2024-08-18 00:11:39,249 - vacancy_api - INFO: Получение вакансий для работодателя ID 8932785
2024-08-18 00:11:39,540 - vacancy_api - INFO: Запрос успешно выполнен для вакансий работодателя с ID 8932785
2024-08-18 00:11:39,540 - vacancy_api - INFO: Получение вакансий для работодателя ID 1178077
2024-08-18 00:11:39,862 - vacancy_api - INFO: Запрос успешно выполнен для вакансий работодателя с ID 1178077
2024-08-18 00:11:39,863 - vacancy_api - INFO: Получение вакансий для работодателя ID 1455
2024-08-18 00:11:40,347 - vacancy_api - INFO: Запрос успешно выполнен для вакансий работодателя с ID 1455
2024-08-18 00:13:37,496 - vacancy_api - INFO: получение информации о вакансиях
2024-08-18 00:13:37,496 - vacancy_api - INFO: Получение вакансий для работодателя ID 561525
2024-08-18 00:13:37,810 - vacancy_api - INFO: Запрос успешно выполнен для вакансий работодателя с ID 561525
2024-08-18 00:13:37,810 - vacancy_api - INFO: Получение вакансий для работодателя ID 1721871
2024-08-18 00:13:38,179 - vacancy_api - INFO: Запрос успешно выполнен для вакансий работодателя с ID 1721871
2024-08-18 00:13:38,179 - vacancy_api - INFO: Получение вакансий для работодателя ID 10438139
2024-08-18 00:13:38,460 - vacancy_api - INFO: Запрос успешно выполнен для вакансий работодателя с ID 10438139
2024-08-18 00:13:38,461 - vacancy_api - INFO: Получение вакансий для работодателя ID 9740285
2024-08-18 00:13:38,783 - vacancy_api - INFO: Запрос успешно выполнен для вакансий работодателя с ID 9740285
2024-08-18 00:13:38,784 - vacancy_api - INFO: Получение вакансий для работодателя ID 4667763
2024-08-18 00:13:39,098 - vacancy_api - INFO: Запрос успешно выполнен для вакансий работодателя с ID 4667763
2024-08-18 00:13:39,098 - vacancy_api - INFO: Получение вакансий для работодателя ID 985552
2024-08-18 00:13:39,418 - vacancy_api - INFO: Запрос успешно выполнен для вакансий работодателя с ID 985552
2024-08-18 00:13:39,419 - vacancy_api - INFO: Получение вакансий для работодателя ID 2628254
2024-08-18 00:13:39,757 - vacancy_api - INFO: Запрос успешно выполнен для вакансий работодателя с ID 2628254
2024-08-18 00:13:39,758 - vacancy_api - INFO: Получение вакансий для работодателя ID 8932785
2024-08-18 00:13:40,048 - vacancy_api - INFO: Запрос успешно выполнен для вакансий работодателя с ID 8932785
2024-08-18 00:13:40,048 - vacancy_api - INFO: Получение вакансий для работодателя ID 1178077
2024-08-18 00:13:40,352 - vacancy_api - INFO: Запрос успешно выполнен для вакансий работодателя с ID 1178077
2024-08-18 00:13:40,352 - vacancy_api - INFO: Получение вакансий для работодателя ID 1455
2024-08-18 00:13:40,840 - vacancy_api - INFO: Запрос успешно выполнен для вакансий работодателя с ID 1455
2024-08-19 15:48:46,936 - src.vacancy_api - INFO: получение информации о вакансиях
2024-08-19 15:48:46,937 - src.vacancy_api - INFO: Получение вакансий для работодателя ID 561525
2024-08-19 15:48:49,983 - src.vacancy_api - INFO: Запрос успешно выполнен для вакансий работодателя с ID 561525
2024-08-19 15:48:49,984 - src.vacancy_api - INFO: Получение вакансий для работодателя ID 1721871
2024-08-19 15:48:51,637 - src.vacancy_api - INFO: Запрос успешно выполнен для вакансий работодателя с ID 1721871
2024-08-19 15:48:51,640 - src.vacancy_api - INFO: Получение вакансий для работодателя ID 10438139
2024-08-19 15:48:52,451 - src.vacancy_api - INFO: Запрос успешно выполнен для вакансий работодателя с ID 10438139
2024-08-19 15:48:52,452 - src.vacancy_api - INFO: Получение вакансий для работодателя ID 9740285
2024-08-19 15:48:53,221 - src.vacancy_api - INFO: Запрос успешно выполнен для вакансий работодателя с ID 9740285
2024-08-19 15:48:53,222 - src.vacancy_api - INFO: Получение вакансий для работодателя ID 4667763
2024-08-19 15:48:53,926 - src.vacancy_api - INFO: Запрос успешно выполнен для вакансий работодателя с ID 4667763
2024-08-19 15:48:53,927 - src.vacancy_api - INFO: Получение вакансий для работодателя ID 985552
2024-08-19 15:48:55,096 - src.vacancy_api - INFO: Запрос успешно выполнен для вакансий работодателя с ID 985552
2024-08-19 15:48:55,096 - src.vacancy_api - INFO: Получение вакансий для работодателя ID 2628254
2024-08-19 15:48:55,951 - src.vacancy_api - INFO: Запрос успешно выполнен для вакансий работодателя с ID 2628254
2024-08-19 15:48:55,953 - src.vacancy_api - INFO: Получение вакансий для работодателя ID 8932785
2024-08-19 15:48:56,556 - src.vacancy_api - INFO: Запрос успешно выполнен для вакансий работодателя с ID 8932785
2024-08-19 15:48:56,557 - src.vacancy_api - INFO: Получение вакансий для работодателя ID 1178077
2024-08-19 15:48:57,118 - src.vacancy_api - INFO: Запрос успешно выполнен для вакансий работодателя с ID 1178077
2024-08-19 15:48:57,119 - src.vacancy_api - INFO: Получение вакансий для работодателя ID 1455
2024-08-19 15:48:58,493 - src.vacancy_api - INFO: Запрос успешно выполнен для вакансий работодателя с ID 1455
2024-08-19 15:49:27,620 - src.vacancy_api - INFO: получение информации о вакансиях
2024-08-19 15:49:27,621 - src.vacancy_api - INFO: Получение вакансий для работодателя ID 561525
2024-08-19 15:49:28,538 - src.vacancy_api - INFO: Запрос успешно выполнен для вакансий работодателя с ID 561525
2024-08-19 15:49:28,539 - src.vacancy_api - INFO: Получение вакансий для работодателя ID 1721871
2024-08-19 15:49:29,312 - src.vacancy_api - INFO: Запрос успешно выполнен для вакансий работодателя с ID 1721871
2024-08-19 15:49:29,314 - src.vacancy_api - INFO: Получение вакансий для работодателя ID 10438139
2024-08-19 15:49:31,544 - src.vacancy_api - INFO: Запрос успешно выполнен для вакансий работодателя с ID 10438139
2024-08-19 15:49:31,545 - src.vacancy_api - INFO: Получение вакансий для работодателя ID 9740285
2024-08-19 15:49:32,084 - src.vacancy_api - INFO: Запрос успешно выполнен для вакансий работодателя с ID 9740285
2024-08-19 15:49:32,085 - src.vacancy_api - INFO: Получение вакансий для работодателя ID 4667763
2024-08-19 15:49:34,556 - src.vacancy_api - INFO: Запрос успешно выполнен для вакансий работодателя с ID 4667763
2024-08-19 15:49:34,557 - src.vacancy_api - INFO: Получение вакансий для работодателя ID 985552
2024-08-19 15:49:35,242 - src.vacancy_api - INFO: Запрос успешно выполнен для вакансий работодателя с ID 985552
2024-08-19 15:49:35,242 - src.vacancy_api - INFO: Получение вакансий для работодателя ID 2628254
2024-08-19 15:49:35,911 - src.vacancy_api - INFO: Запрос успешно выполнен для вакансий работодателя с ID 2628254
2024-08-19 15:49:35,913 - src.vacancy_api - INFO: Получение вакансий для работодателя ID 8932785
2024-08-19 15:49:36,464 - src.vacancy_api - INFO: Запрос успешно выполнен для вакансий работодателя с ID 8932785
2024-08-19 15:49:36,465 - src.vacancy_api - INFO: Получение вакансий для работодателя ID 1178077
2024-08-19 15:49:37,169 - src.vacancy_api - INFO: Запрос успешно выполнен для вакансий работодателя с ID 1178077
2024-08-19 15:49:37,170 - src.vacancy_api - INFO: Получение вакансий для работодателя ID 1455
2024-08-19 15:49:38,238 - src.vacancy_api - INFO: Запрос успешно выполнен для вакансий работодателя с ID 1455
2024-08-19 15:54:21,331 - src.vacancy_api - INFO: получение информации о вакансиях
2024-08-19 15:54:21,332 - src.vacancy_api - INFO: Получение вакансий для работодателя ID 561525
2024-08-19 15:54:22,061 - src.vacancy_api - INFO: Запрос успешно выполнен для вакансий работодателя с ID 561525
2024-08-19 15:54:22,062 - src.vacancy_api - INFO: Получение вакансий для работодателя ID 1721871
2024-08-19 15:54:22,789 - src.vacancy_api - INFO: Запрос успешно выполнен для вакансий работодателя с ID 1721871
2024-08-19 15:54:22,791 - src.vacancy_api - INFO: Получение вакансий для работодателя ID 10438139
2024-08-19 15:54:23,334 - src.vacancy_api - INFO: Запрос успешно выполнен для вакансий работодателя с ID 10438139
2024-08-19 15:54:23,334 - src.vacancy_api - INFO: Получение вакансий для работодателя ID 9740285
2024-08-19 15:54:23,870 - src.vacancy_api - INFO: Запрос успешно выполнен для вакансий работодателя с ID 9740285
2024-08-19 15:54:23,871 - src.vacancy_api - INFO: Получение вакансий для работодателя ID 4667763
2024-08-19 15:54:24,460 - src.vacancy_api - INFO: Запрос успешно выполнен для вакансий работодателя с ID 4667763
2024-08-19 15:54:24,461 - src.vacancy_api - INFO: Получение вакансий для работодателя ID 985552
2024-08-19 15:54:24,966 - src.vacancy_api - INFO: Запрос успешно выполнен для вакансий работодателя с ID 985552
2024-08-19 15:54:24,967 - src.vacancy_api - INFO: Получение вакансий для работодателя ID 2628254
2024-08-19 15:54:25,456 - src.vacancy_api - INFO: Запрос успешно выполнен для вакансий работодателя с ID 2628254
2024-08-19 15:54:25,458 - src.vacancy_api - INFO: Получение вакансий для работодателя ID 8932785
2024-08-19 15:54:26,103 - src.vacancy_api - INFO: Запрос успешно выполнен для вакансий работодателя с ID 8932785
2024-08-19 15:54:26,104 - src.vacancy_api - INFO: Получение вакансий для работодателя ID 1178077
2024-08-19 15:54:26,658 - src.vacancy_api - INFO: Запрос успешно выполнен для вакансий работодателя с ID 1178077
2024-08-19 15:54:26,659 - src.vacancy_api - INFO: Получение вакансий для работодателя ID 1455
2024-08-19 15:54:27,435 - src.vacancy_api - INFO: Запрос успешно выполнен для вакансий работодателя с ID 1455
2024-08-19 15:55:33,146 - src.vacancy_api - INFO: получение информации о вакансиях
2024-08-19 15:55:33,146 - src.vacancy_api - INFO: Получение вакансий для работодателя ID 561525
2024-08-19 15:55:34,074 - src.vacancy_api - INFO: Запрос успешно выполнен для вакансий работодателя с ID 561525
2024-08-19 15:55:34,075 - src.vacancy_api - INFO: Получение вакансий для работодателя ID 1721871
2024-08-19 15:55:34,799 - src.vacancy_api - INFO: Запрос успешно выполнен для вакансий работодателя с ID 1721871
2024-08-19 15:55:34,801 - src.vacancy_api - INFO: Получение вакансий для работодателя ID 10438139
2024-08-19 15:55:35,560 - src.vacancy_api - INFO: Запрос успешно выполнен для вакансий работодателя с ID 10438139
2024-08-19 15:55:35,561 - src.vacancy_api - INFO: Получение вакансий для работодателя ID 9740285
2024-08-19 15:55:36,285 - src.vacancy_api - INFO: Запрос успешно выполнен для вакансий работодателя с ID 9740285
2024-08-19 15:55:36,286 - src.vacancy_api - INFO: Получение вакансий для работодателя ID 4667763
2024-08-19 15:55:36,983 - src.vacancy_api - INFO: Запрос успешно выполнен для вакансий работодателя с ID 4667763
2024-08-19 15:55:36,984 - src.vacancy_api - INFO: Получение вакансий для работодателя ID 985552
2024-08-19 15:55:37,544 - src.vacancy_api - INFO: Запрос успешно выполнен для вакансий работодателя с ID 985552
2024-08-19 15:55:37,545 - src.vacancy_api - INFO: Получение вакансий для работодателя ID 2628254
2024-08-19 15:55:38,478 - src.vacancy_api - INFO: Запрос успешно выполнен для вакансий работодателя с ID 2628254
2024-08-19 15:55:38,480 - src.vacancy_api - INFO: Получение вакансий для работодателя ID 8932785
2024-08-19 15:55:39,090 - src.vacancy_api - INFO: Запрос успешно выполнен для вакансий работодателя с ID 8932785
2024-08-19 15:55:39,091 - src.vacancy_api - INFO: Получение вакансий для работодателя ID 1178077
2024-08-19 15:55:39,600 - src.vacancy_api - INFO: Запрос успешно выполнен для вакансий работодателя с ID 1178077
2024-08-19 15:55:39,601 - src.vacancy_api - INFO: Получение вакансий для работодателя ID 1455
2024-08-19 15:55:40,292 - src.vacancy_api - INFO: Запрос успешно выполнен для вакансий работодателя с ID 1455
2024-08-19 16:29:45,307 - src.vacancy_api - INFO: Инициализация HeadHunterAPI с базовым URL
2024-08-19 16:29:45,308 - src.vacancy_api - INFO: Начало получения вакансий для списка работодателей
2024-08-19 16:29:45,309 - src.vacancy_api - INFO: Получение вакансий для работодателя ID 561525
2024-08-19 16:29:45,309 - src.vacancy_api - INFO: Запрос вакансий для работодателя ID 561525
2024-08-19 16:29:46,030 - src.vacancy_api - INFO: Запрос успешно выполнен для вакансий работодателя с ID 561525
2024-08-19 16:29:46,031 - src.vacancy_api - INFO: Получение вакансий для работодателя ID 1721871
2024-08-19 16:29:46,031 - src.vacancy_api - INFO: Запрос вакансий для работодателя ID 1721871
2024-08-19 16:29:46,858 - src.vacancy_api - INFO: Запрос успешно выполнен для вакансий работодателя с ID 1721871
2024-08-19 16:29:46,861 - src.vacancy_api - INFO: Получение вакансий для работодателя ID 10438139
2024-08-19 16:29:46,861 - src.vacancy_api - INFO: Запрос вакансий для работодателя ID 10438139
2024-08-19 16:29:47,430 - src.vacancy_api - INFO: Запрос успешно выполнен для вакансий работодателя с ID 10438139
2024-08-19 16:29:47,430 - src.vacancy_api - INFO: Получение вакансий для работодателя ID 9740285
2024-08-19 16:29:47,431 - src.vacancy_api - INFO: Запрос вакансий для работодателя ID 9740285
2024-08-19 16:29:47,959 - src.vacancy_api - INFO: Запрос успешно выполнен для вакансий работодателя с ID 9740285
2024-08-19 16:29:47,960 - src.vacancy_api - INFO: Получение вакансий для работодателя ID 4667763
2024-08-19 16:29:47,960 - src.vacancy_api - INFO: Запрос вакансий для работодателя ID 4667763
2024-08-19 16:29:48,857 - src.vacancy_api - INFO: Запрос успешно выполнен для вакансий работодателя с ID 4667763
2024-08-19 16:29:48,858 - src.vacancy_api - INFO: Получение вакансий для работодателя ID 985552
2024-08-19 16:29:48,858 - src.vacancy_api - INFO: Запрос вакансий для работодателя ID 985552
2024-08-19 16:29:49,387 - src.vacancy_api - INFO: Запрос успешно выполнен для вакансий работодателя с ID 985552
2024-08-19 16:29:49,388 - src.vacancy_api - INFO: Получение вакансий для работодателя ID 2628254
2024-08-19 16:29:49,388 - src.vacancy_api - INFO: Запрос вакансий для работодателя ID 2628254
2024-08-19 16:29:50,027 - src.vacancy_api - INFO: Запрос успешно выполнен для вакансий работодателя с ID 2628254
2024-08-19 16:29:50,029 - src.vacancy_api - INFO: Получение вакансий для работодателя ID 8932785
2024-08-19 16:29:50,029 - src.vacancy_api - INFO: Запрос вакансий для работодателя ID 8932785
2024-08-19 16:29:50,481 - src.vacancy_api - INFO: Запрос успешно выполнен для вакансий работодателя с ID 8932785
2024-08-19 16:29:50,482 - src.vacancy_api - INFO: Получение вакансий для работодателя ID 1178077
2024-08-19 16:29:50,482 - src.vacancy_api - INFO: Запрос вакансий для работодателя ID 1178077
2024-08-19 16:29:51,041 - src.vacancy_api - INFO: Запрос успешно выполнен для вакансий работодателя с ID 1178077
2024-08-19 16:29:51,042 - src.vacancy_api - INFO: Получение вакансий для работодателя ID 1455
2024-08-19 16:29:51,043 - src.vacancy_api - INFO: Запрос вакансий для работодателя ID 1455
2024-08-19 16:29:51,829 - src.vacancy_api - INFO: Запрос успешно выполнен для вакансий работодателя с ID 1455
2024-08-19 16:29:51,833 - src.vacancy_api - INFO: Получение вакансий завершено
2024-08-19 16:59:50,364 - src.vacancy_api - INFO: Инициализация HeadHunterAPI с базовым URL
2024-08-19 16:59:50,365 - src.vacancy_api - INFO: Начало получения вакансий для списка работодателей
2024-08-19 16:59:50,365 - src.vacancy_api - INFO: Получение вакансий для работодателя ID 561525
2024-08-19 16:59:50,365 - src.vacancy_api - INFO: Запрос вакансий для работодателя ID 561525
2024-08-19 16:59:51,270 - src.vacancy_api - INFO: Запрос успешно выполнен для вакансий работодателя с ID 561525
2024-08-19 16:59:51,271 - src.vacancy_api - INFO: Получение вакансий для работодателя ID 1721871
2024-08-19 16:59:51,271 - src.vacancy_api - INFO: Запрос вакансий для работодателя ID 1721871
2024-08-19 16:59:51,807 - src.vacancy_api - INFO: Запрос успешно выполнен для вакансий работодателя с ID 1721871
2024-08-19 16:59:51,809 - src.vacancy_api - INFO: Получение вакансий для работодателя ID 10438139
2024-08-19 16:59:51,809 - src.vacancy_api - INFO: Запрос вакансий для работодателя ID 10438139
2024-08-19 16:59:52,292 - src.vacancy_api - INFO: Запрос успешно выполнен для вакансий работодателя с ID 10438139
2024-08-19 16:59:52,293 - src.vacancy_api - INFO: Получение вакансий для работодателя ID 9740285
2024-08-19 16:59:52,293 - src.vacancy_api - INFO: Запрос вакансий для работодателя ID 9740285
2024-08-19 16:59:52,790 - src.vacancy_api - INFO: Запрос успешно выполнен для вакансий работодателя с ID 9740285
2024-08-19 16:59:52,791 - src.vacancy_api - INFO: Получение вакансий для работодателя ID 4667763
2024-08-19 16:59:52,791 - src.vacancy_api - INFO: Запрос вакансий для работодателя ID 4667763
2024-08-19 16:59:53,256 - src.vacancy_api - INFO: Запрос успешно выполнен для вакансий работодателя с ID 4667763
2024-08-19 16:59:53,257 - src.vacancy_api - INFO: Получение вакансий для работодателя ID 985552
2024-08-19 16:59:53,257 - src.vacancy_api - INFO: Запрос вакансий для работодателя ID 985552
2024-08-19 16:59:53,728 - src.vacancy_api - INFO: Запрос успешно выполнен для вакансий работодателя с ID 985552
2024-08-19 16:59:53,729 - src.vacancy_api - INFO: Получение вакансий для работодателя ID 2628254
2024-08-19 16:59:53,729 - src.vacancy_api - INFO: Запрос вакансий для работодателя ID 2628254
2024-08-19 16:59:54,216 - src.vacancy_api - INFO: Запрос успешно выполнен для вакансий работодателя с ID 2628254
2024-08-19 16:59:54,219 - src.vacancy_api - INFO: Получение вакансий для работодателя ID 8932785
2024-08-19 16:59:54,219 - src.vacancy_api - INFO: Запрос вакансий для работодателя ID 8932785
2024-08-19 16:59:54,671 - src.vacancy_api - INFO: Запрос успешно выполнен для вакансий работодателя с ID 8932785
2024-08-19 16:59:54,672 - src.vacancy_api - INFO: Получение вакансий для работодателя ID 1178077
2024-08-19 16:59:54,672 - src.vacancy_api - INFO: Запрос вакансий для работодателя ID 1178077
2024-08-19 16:59:55,110 - src.vacancy_api - INFO: Запрос успешно выполнен для вакансий работодателя с ID 1178077
2024-08-19 16:59:55,111 - src.vacancy_api - INFO: Получение вакансий для работодателя ID 1455
2024-08-19 16:59:55,111 - src.vacancy_api - INFO: Запрос вакансий для работодателя ID 1455
2024-08-19 16:59:55,693 - src.vacancy_api - INFO: Запрос успешно выполнен для вакансий работодателя с ID 1455
2024-08-19 16:59:55,696 - src.vacancy_api - INFO: Получение вакансий завершено
2024-08-19 17:00:44,707 - src.vacancy_api - INFO: Инициализация HeadHunterAPI с базовым URL
2024-08-19 17:06:28,116 - src.vacancy_api - INFO: Инициализация HeadHunterAPI с базовым URL
2024-08-19 17:06:29,220 - src.vacancy_api - INFO: Начало получения вакансий для списка работодателей
2024-08-19 17:06:29,220 - src.vacancy_api - INFO: Получение вакансий для работодателя ID 561525
2024-08-19 17:06:29,220 - src.vacancy_api - INFO: Запрос вакансий для работодателя ID 561525
2024-08-19 17:06:29,768 - src.vacancy_api - INFO: Запрос успешно выполнен для вакансий работодателя с ID 561525
2024-08-19 17:06:29,769 - src.vacancy_api - INFO: Получение вакансий для работодателя ID 1721871
2024-08-19 17:06:29,769 - src.vacancy_api - INFO: Запрос вакансий для работодателя ID 1721871
2024-08-19 17:06:30,418 - src.vacancy_api - INFO: Запрос успешно выполнен для вакансий работодателя с ID 1721871
2024-08-19 17:06:30,420 - src.vacancy_api - INFO: Получение вакансий для работодателя ID 10438139
2024-08-19 17:06:30,420 - src.vacancy_api - INFO: Запрос вакансий для работодателя ID 10438139
2024-08-19 17:06:31,939 - src.vacancy_api - INFO: Запрос успешно выполнен для вакансий работодателя с ID 10438139
2024-08-19 17:06:31,940 - src.vacancy_api - INFO: Получение вакансий для работодателя ID 9740285
2024-08-19 17:06:31,940 - src.vacancy_api - INFO: Запрос вакансий для работодателя ID 9740285
2024-08-19 17:06:33,609 - src.vacancy_api - INFO: Запрос успешно выполнен для вакансий работодателя с ID 9740285
2024-08-19 17:06:33,610 - src.vacancy_api - INFO: Получение вакансий для работодателя ID 4667763
2024-08-19 17:06:33,610 - src.vacancy_api - INFO: Запрос вакансий для работодателя ID 4667763
2024-08-19 17:06:34,210 - src.vacancy_api - INFO: Запрос успешно выполнен для вакансий работодателя с ID 4667763
2024-08-19 17:06:34,211 - src.vacancy_api - INFO: Получение вакансий для работодателя ID 985552
2024-08-19 17:06:34,212 - src.vacancy_api - INFO: Запрос вакансий для работодателя ID 985552
2024-08-19 17:06:34,750 - src.vacancy_api - INFO: Запрос успешно выполнен для вакансий работодателя с ID 985552
2024-08-19 17:06:34,750 - src.vacancy_api - INFO: Получение вакансий для работодателя ID 2628254
2024-08-19 17:06:34,750 - src.vacancy_api - INFO: Запрос вакансий для работодателя ID 2628254
2024-08-19 17:06:36,426 - src.vacancy_api - INFO: Запрос успешно выполнен для вакансий работодателя с ID 2628254
2024-08-19 17:06:36,428 - src.vacancy_api - INFO: Получение вакансий для работодателя ID 8932785
2024-08-19 17:06:36,428 - src.vacancy_api - INFO: Запрос вакансий для работодателя ID 8932785
2024-08-19 17:06:38,001 - src.vacancy_api - INFO: Запрос успешно выполнен для вакансий работодателя с ID 8932785
2024-08-19 17:06:38,002 - src.vacancy_api - INFO: Получение вакансий для работодателя ID 1178077
2024-08-19 17:06:38,002 - src.vacancy_api - INFO: Запрос вакансий для работодателя ID 1178077
2024-08-19 17:06:38,480 - src.vacancy_api - INFO: Запрос успешно выполнен для вакансий работодателя с ID 1178077
2024-08-19 17:06:38,481 - src.vacancy_api - INFO: Получение вакансий для работодателя ID 1455
2024-08-19 17:06:38,481 - src.vacancy_api - INFO: Запрос вакансий для работодателя ID 1455
2024-08-19 17:06:39,245 - src.vacancy_api - INFO: Запрос успешно выполнен для вакансий работодателя с ID 1455
2024-08-19 17:06:39,248 - src.vacancy_api - INFO: Получение вакансий завершено
2024-08-19 17:07:59,106 - src.vacancy_api - INFO: Инициализация HeadHunterAPI с базовым URL
2024-08-19 17:08:00,300 - src.vacancy_api - INFO: Начало получения вакансий для списка работодателей
2024-08-19 17:08:00,300 - src.vacancy_api - INFO: Получение вакансий для работодателя ID 561525
2024-08-19 17:08:00,300 - src.vacancy_api - INFO: Запрос вакансий для работодателя ID 561525
2024-08-19 17:08:00,905 - src.vacancy_api - INFO: Запрос успешно выполнен для вакансий работодателя с ID 561525
2024-08-19 17:08:00,906 - src.vacancy_api - INFO: Получение вакансий для работодателя ID 1721871
2024-08-19 17:08:00,906 - src.vacancy_api - INFO: Запрос вакансий для работодателя ID 1721871
2024-08-19 17:08:01,518 - src.vacancy_api - INFO: Запрос успешно выполнен для вакансий работодателя с ID 1721871
2024-08-19 17:08:01,520 - src.vacancy_api - INFO: Получение вакансий для работодателя ID 10438139
2024-08-19 17:08:01,520 - src.vacancy_api - INFO: Запрос вакансий для работодателя ID 10438139
2024-08-19 17:08:01,908 - src.vacancy_api - INFO: Запрос успешно выполнен для вакансий работодателя с ID 10438139
2024-08-19 17:08:01,909 - src.vacancy_api - INFO: Получение вакансий для работодателя ID 9740285
2024-08-19 17:08:01,909 - src.vacancy_api - INFO: Запрос вакансий для работодателя ID 9740285
2024-08-19 17:08:02,343 - src.vacancy_api - INFO: Запрос успешно выполнен для вакансий работодателя с ID 9740285
2024-08-19 17:08:02,344 - src.vacancy_api - INFO: Получение вакансий для работодателя ID 4667763
2024-08-19 17:08:02,344 - src.vacancy_api - INFO: Запрос вакансий для работодателя ID 4667763
2024-08-19 17:08:03,091 - src.vacancy_api - INFO: Запрос успешно выполнен для вакансий работодателя с ID 4667763
2024-08-19 17:08:03,092 - src.vacancy_api - INFO: Получение вакансий для работодателя ID 985552
2024-08-19 17:08:03,092 - src.vacancy_api - INFO: Запрос вакансий для работодателя ID 985552
2024-08-19 17:08:03,562 - src.vacancy_api - INFO: Запрос успешно выполнен для вакансий работодателя с ID 985552
2024-08-19 17:08:03,563 - src.vacancy_api - INFO: Получение вакансий для работодателя ID 2628254
2024-08-19 17:08:03,563 - src.vacancy_api - INFO: Запрос вакансий для работодателя ID 2628254
2024-08-19 17:08:04,059 - src.vacancy_api - INFO: Запрос успешно выполнен для вакансий работодателя с ID 2628254
2024-08-19 17:08:04,062 - src.vacancy_api - INFO: Получение вакансий для работодателя ID 8932785
2024-08-19 17:08:04,062 - src.vacancy_api - INFO: Запрос вакансий для работодателя ID 8932785
2024-08-19 17:08:04,531 - src.vacancy_api - INFO: Запрос успешно выполнен для вакансий работодателя с ID 8932785
2024-08-19 17:08:04,532 - src.vacancy_api - INFO: Получение вакансий для работодателя ID 1178077
2024-08-19 17:08:04,532 - src.vacancy_api - INFO: Запрос вакансий для работодателя ID 1178077
2024-08-19 17:08:05,049 - src.vacancy_api - INFO: Запрос успешно выполнен для вакансий работодателя с ID 1178077
2024-08-19 17:08:05,050 - src.vacancy_api - INFO: Получение вакансий для работодателя ID 1455
2024-08-19 17:08:05,050 - src.vacancy_api - INFO: Запрос вакансий для работодателя ID 1455
2024-08-19 17:08:05,879 - src.vacancy_api - INFO: Запрос успешно выполнен для вакансий работодателя с ID 1455
2024-08-19 17:08:05,884 - src.vacancy_api - INFO: Получение вакансий завершено
2024-08-19 17:09:17,276 - src.vacancy_api - INFO: Инициализация HeadHunterAPI с базовым URL
2024-08-19 17:09:18,343 - src.vacancy_api - INFO: Начало получения вакансий для списка работодателей
2024-08-19 17:09:18,343 - src.vacancy_api - INFO: Получение вакансий для работодателя ID 561525
2024-08-19 17:09:18,343 - src.vacancy_api - INFO: Запрос вакансий для работодателя ID 561525
2024-08-19 17:09:19,027 - src.vacancy_api - INFO: Запрос успешно выполнен для вакансий работодателя с ID 561525
2024-08-19 17:09:19,028 - src.vacancy_api - INFO: Получение вакансий для работодателя ID 1721871
2024-08-19 17:09:19,028 - src.vacancy_api - INFO: Запрос вакансий для работодателя ID 1721871
2024-08-19 17:09:20,404 - src.vacancy_api - INFO: Запрос успешно выполнен для вакансий работодателя с ID 1721871
2024-08-19 17:09:20,406 - src.vacancy_api - INFO: Получение вакансий для работодателя ID 10438139
2024-08-19 17:09:20,406 - src.vacancy_api - INFO: Запрос вакансий для работодателя ID 10438139
2024-08-19 17:09:21,152 - src.vacancy_api - INFO: Запрос успешно выполнен для вакансий работодателя с ID 10438139
2024-08-19 17:09:21,153 - src.vacancy_api - INFO: Получение вакансий для работодателя ID 9740285
2024-08-19 17:09:21,153 - src.vacancy_api - INFO: Запрос вакансий для работодателя ID 9740285
2024-08-19 17:09:21,586 - src.vacancy_api - INFO: Запрос успешно выполнен для вакансий работодателя с ID 9740285
2024-08-19 17:09:21,587 - src.vacancy_api - INFO: Получение вакансий для работодателя ID 4667763
2024-08-19 17:09:21,587 - src.vacancy_api - INFO: Запрос вакансий для работодателя ID 4667763
2024-08-19 17:09:22,104 - src.vacancy_api - INFO: Запрос успешно выполнен для вакансий работодателя с ID 4667763
2024-08-19 17:09:22,105 - src.vacancy_api - INFO: Получение вакансий для работодателя ID 985552
2024-08-19 17:09:22,105 - src.vacancy_api - INFO: Запрос вакансий для работодателя ID 985552
2024-08-19 17:09:22,948 - src.vacancy_api - INFO: Запрос успешно выполнен для вакансий работодателя с ID 985552
2024-08-19 17:09:22,948 - src.vacancy_api - INFO: Получение вакансий для работодателя ID 2628254
2024-08-19 17:09:22,948 - src.vacancy_api - INFO: Запрос вакансий для работодателя ID 2628254
2024-08-19 17:09:23,426 - src.vacancy_api - INFO: Запрос успешно выполнен для вакансий работодателя с ID 2628254
2024-08-19 17:09:23,428 - src.vacancy_api - INFO: Получение вакансий для работодателя ID 8932785
2024-08-19 17:09:23,428 - src.vacancy_api - INFO: Запрос вакансий для работодателя ID 8932785
2024-08-19 17:09:24,287 - src.vacancy_api - INFO: Запрос успешно выполнен для вакансий работодателя с ID 8932785
2024-08-19 17:09:24,288 - src.vacancy_api - INFO: Получение вакансий для работодателя ID 1178077
2024-08-19 17:09:24,288 - src.vacancy_api - INFO: Запрос вакансий для работодателя ID 1178077
2024-08-19 17:09:25,005 - src.vacancy_api - INFO: Запрос успешно выполнен для вакансий работодателя с ID 1178077
2024-08-19 17:09:25,007 - src.vacancy_api - INFO: Получение вакансий для работодателя ID 1455
2024-08-19 17:09:25,007 - src.vacancy_api - INFO: Запрос вакансий для работодателя ID 1455
2024-08-19 17:09:25,735 - src.vacancy_api - INFO: Запрос успешно выполнен для вакансий работодателя с ID 1455
2024-08-19 17:09:25,738 - src.vacancy_api - INFO: Получение вакансий завершено
2024-08-19 17:09:32,632 - src.vacancy_api - INFO: Инициализация HeadHunterAPI с базовым URL
2024-08-19 17:09:32,633 - src.vacancy_api - INFO: Начало получения вакансий для списка работодателей
2024-08-19 17:09:32,633 - src.vacancy_api - INFO: Получение вакансий для работодателя ID 561525
2024-08-19 17:09:32,633 - src.vacancy_api - INFO: Запрос вакансий для работодателя ID 561525
2024-08-19 17:09:33,155 - src.vacancy_api - INFO: Запрос успешно выполнен для вакансий работодателя с ID 561525
2024-08-19 17:09:33,156 - src.vacancy_api - INFO: Получение вакансий для работодателя ID 1721871
2024-08-19 17:09:33,156 - src.vacancy_api - INFO: Запрос вакансий для работодателя ID 1721871
2024-08-19 17:09:33,718 - src.vacancy_api - INFO: Запрос успешно выполнен для вакансий работодателя с ID 1721871
2024-08-19 17:09:33,720 - src.vacancy_api - INFO: Получение вакансий для работодателя ID 10438139
2024-08-19 17:09:33,720 - src.vacancy_api - INFO: Запрос вакансий для работодателя ID 10438139
2024-08-19 17:09:34,179 - src.vacancy_api - INFO: Запрос успешно выполнен для вакансий работодателя с ID 10438139
2024-08-19 17:09:34,179 - src.vacancy_api - INFO: Получение вакансий для работодателя ID 9740285
2024-08-19 17:09:34,180 - src.vacancy_api - INFO: Запрос вакансий для работодателя ID 9740285
2024-08-19 17:09:34,798 - src.vacancy_api - INFO: Запрос успешно выполнен для вакансий работодателя с ID 9740285
2024-08-19 17:09:34,799 - src.vacancy_api - INFO: Получение вакансий для работодателя ID 4667763
2024-08-19 17:09:34,799 - src.vacancy_api - INFO: Запрос вакансий для работодателя ID 4667763
2024-08-19 17:09:35,444 - src.vacancy_api - INFO: Запрос успешно выполнен для вакансий работодателя с ID 4667763
2024-08-19 17:09:35,445 - src.vacancy_api - INFO: Получение вакансий для работодателя ID 985552
2024-08-19 17:09:35,445 - src.vacancy_api - INFO: Запрос вакансий для работодателя ID 985552
2024-08-19 17:09:35,882 - src.vacancy_api - INFO: Запрос успешно выполнен для вакансий работодателя с ID 985552
2024-08-19 17:09:35,883 - src.vacancy_api - INFO: Получение вакансий для работодателя ID 2628254
2024-08-19 17:09:35,883 - src.vacancy_api - INFO: Запрос вакансий для работодателя ID 2628254
2024-08-19 17:09:37,453 - src.vacancy_api - INFO: Запрос успешно выполнен для вакансий работодателя с ID 2628254
2024-08-19 17:09:37,455 - src.vacancy_api - INFO: Получение вакансий для работодателя ID 8932785
2024-08-19 17:09:37,455 - src.vacancy_api - INFO: Запрос вакансий для работодателя ID 8932785
2024-08-19 17:09:38,219 - src.vacancy_api - INFO: Запрос успешно выполнен для вакансий работодателя с ID 8932785
2024-08-19 17:09:38,220 - src.vacancy_api - INFO: Получение вакансий для работодателя ID 1178077
2024-08-19 17:09:38,220 - src.vacancy_api - INFO: Запрос вакансий для работодателя ID 1178077
2024-08-19 17:09:41,543 - src.vacancy_api - INFO: Запрос успешно выполнен для вакансий работодателя с ID 1178077
2024-08-19 17:09:41,544 - src.vacancy_api - INFO: Получение вакансий для работодателя ID 1455
2024-08-19 17:09:41,545 - src.vacancy_api - INFO: Запрос вакансий для работодателя ID 1455
2024-08-19 17:09:42,202 - src.vacancy_api - INFO: Запрос успешно выполнен для вакансий работодателя с ID 1455
2024-08-19 17:09:42,205 - src.vacancy_api - INFO: Получение вакансий завершено
2024-08-19 17:18:40,044 - src.vacancy_api - INFO: Инициализация HeadHunterAPI с базовым URL
2024-08-19 17:18:40,045 - src.vacancy_api - INFO: Начало получения вакансий для списка работодателей
2024-08-19 17:18:40,045 - src.vacancy_api - INFO: Получение вакансий для работодателя ID 561525
2024-08-19 17:18:40,045 - src.vacancy_api - INFO: Запрос вакансий для работодателя ID 561525
2024-08-19 17:18:40,716 - src.vacancy_api - INFO: Запрос успешно выполнен для вакансий работодателя с ID 561525
2024-08-19 17:18:40,717 - src.vacancy_api - INFO: Получение вакансий для работодателя ID 1721871
2024-08-19 17:18:40,717 - src.vacancy_api - INFO: Запрос вакансий для работодателя ID 1721871
2024-08-19 17:18:41,344 - src.vacancy_api - INFO: Запрос успешно выполнен для вакансий работодателя с ID 1721871
2024-08-19 17:18:41,347 - src.vacancy_api - INFO: Получение вакансий для работодателя ID 10438139
2024-08-19 17:18:41,347 - src.vacancy_api - INFO: Запрос вакансий для работодателя ID 10438139
2024-08-19 17:18:41,826 - src.vacancy_api - INFO: Запрос успешно выполнен для вакансий работодателя с ID 10438139
2024-08-19 17:18:41,827 - src.vacancy_api - INFO: Получение вакансий для работодателя ID 9740285
2024-08-19 17:18:41,827 - src.vacancy_api - INFO: Запрос вакансий для работодателя ID 9740285
2024-08-19 17:18:42,320 - src.vacancy_api - INFO: Запрос успешно выполнен для вакансий работодателя с ID 9740285
2024-08-19 17:18:42,322 - src.vacancy_api - INFO: Получение вакансий для работодателя ID 4667763
2024-08-19 17:18:42,322 - src.vacancy_api - INFO: Запрос вакансий для работодателя ID 4667763
2024-08-19 17:18:42,776 - src.vacancy_api - INFO: Запрос успешно выполнен для вакансий работодателя с ID 4667763
2024-08-19 17:18:42,777 - src.vacancy_api - INFO: Получение вакансий для работодателя ID 985552
2024-08-19 17:18:42,777 - src.vacancy_api - INFO: Запрос вакансий для работодателя ID 985552
2024-08-19 17:18:43,506 - src.vacancy_api - INFO: Запрос успешно выполнен для вакансий работодателя с ID 985552
2024-08-19 17:18:43,507 - src.vacancy_api - INFO: Получение вакансий для работодателя ID 2628254
2024-08-19 17:18:43,507 - src.vacancy_api - INFO: Запрос вакансий для работодателя ID 2628254
2024-08-19 17:18:44,175 - src.vacancy_api - INFO: Запрос успешно выполнен для вакансий работодателя с ID 2628254
2024-08-19 17:18:44,177 - src.vacancy_api - INFO: Получение вакансий для работодателя ID 8932785
2024-08-19 17:18:44,177 - src.vacancy_api - INFO: Запрос вакансий для работодателя ID 8932785
2024-08-19 17:18:44,813 - src.vacancy_api - INFO: Запрос успешно выполнен для вакансий работодателя с ID 8932785
2024-08-19 17:18:44,814 - src.vacancy_api - INFO: Получение вакансий для работодателя ID 1178077
2024-08-19 17:18:44,814 - src.vacancy_api - INFO: Запрос вакансий для работодателя ID 1178077
2024-08-19 17:18:45,371 - src.vacancy_api - INFO: Запрос успешно выполнен для вакансий работодателя с ID 1178077
2024-08-19 17:18:45,372 - src.vacancy_api - INFO: Получение вакансий для работодателя ID 1455
2024-08-19 17:18:45,372 - src.vacancy_api - INFO: Запрос вакансий для работодателя ID 1455
2024-08-19 17:18:46,124 - src.vacancy_api - INFO: Запрос успешно выполнен для вакансий работодателя с ID 1455
2024-08-19 17:18:46,126 - src.vacancy_api - INFO: Получение вакансий завершено
2024-08-19 17:22:08,618 - src.vacancy_api - INFO: Инициализация HeadHunterAPI с базовым URL
2024-08-19 17:22:09,152 - src.vacancy_api - INFO: Начало получения вакансий для списка работодателей
2024-08-19 17:22:09,152 - src.vacancy_api - INFO: Получение вакансий для работодателя ID 561525
2024-08-19 17:22:09,152 - src.vacancy_api - INFO: Запрос вакансий для работодателя ID 561525
2024-08-19 17:22:11,215 - src.vacancy_api - INFO: Запрос успешно выполнен для вакансий работодателя с ID 561525
2024-08-19 17:22:11,216 - src.vacancy_api - INFO: Получение вакансий для работодателя ID 1721871
2024-08-19 17:22:11,216 - src.vacancy_api - INFO: Запрос вакансий для работодателя ID 1721871
2024-08-19 17:22:11,938 - src.vacancy_api - INFO: Запрос успешно выполнен для вакансий работодателя с ID 1721871
2024-08-19 17:22:11,939 - src.vacancy_api - INFO: Получение вакансий для работодателя ID 10438139
2024-08-19 17:22:11,940 - src.vacancy_api - INFO: Запрос вакансий для работодателя ID 10438139
2024-08-19 17:22:12,415 - src.vacancy_api - INFO: Запрос успешно выполнен для вакансий работодателя с ID 10438139
2024-08-19 17:22:12,416 - src.vacancy_api - INFO: Получение вакансий для работодателя ID 9740285
2024-08-19 17:22:12,416 - src.vacancy_api - INFO: Запрос вакансий для работодателя ID 9740285
2024-08-19 17:22:13,101 - src.vacancy_api - INFO: Запрос успешно выполнен для вакансий работодателя с ID 9740285
2024-08-19 17:22:13,101 - src.vacancy_api - INFO: Получение вакансий для работодателя ID 4667763
2024-08-19 17:22:13,101 - src.vacancy_api - INFO: Запрос вакансий для работодателя ID 4667763
2024-08-19 17:22:13,753 - src.vacancy_api - INFO: Запрос успешно выполнен для вакансий работодателя с ID 4667763
2024-08-19 17:22:13,753 - src.vacancy_api - INFO: Получение вакансий для работодателя ID 985552
2024-08-19 17:22:13,753 - src.vacancy_api - INFO: Запрос вакансий для работодателя ID 985552
2024-08-19 17:22:14,389 - src.vacancy_api - INFO: Запрос успешно выполнен для вакансий работодателя с ID 985552
2024-08-19 17:22:14,389 - src.vacancy_api - INFO: Получение вакансий для работодателя ID 2628254
2024-08-19 17:22:14,389 - src.vacancy_api - INFO: Запрос вакансий для работодателя ID 2628254
2024-08-19 17:22:14,961 - src.vacancy_api - INFO: Запрос успешно выполнен для вакансий работодателя с ID 2628254
2024-08-19 17:22:14,963 - src.vacancy_api - INFO: Получение вакансий для работодателя ID 8932785
2024-08-19 17:22:14,963 - src.vacancy_api - INFO: Запрос вакансий для работодателя ID 8932785
2024-08-19 17:22:15,915 - src.vacancy_api - INFO: Запрос успешно выполнен для вакансий работодателя с ID 8932785
2024-08-19 17:22:15,916 - src.vacancy_api - INFO: Получение вакансий для работодателя ID 1178077
2024-08-19 17:22:15,916 - src.vacancy_api - INFO: Запрос вакансий для работодателя ID 1178077
2024-08-19 17:22:16,469 - src.vacancy_api - INFO: Запрос успешно выполнен для вакансий работодателя с ID 1178077
2024-08-19 17:22:16,470 - src.vacancy_api - INFO: Получение вакансий для работодателя ID 1455
2024-08-19 17:22:16,470 - src.vacancy_api - INFO: Запрос вакансий для работодателя ID 1455
2024-08-19 17:22:17,299 - src.vacancy_api - INFO: Запрос успешно выполнен для вакансий работодателя с ID 1455
2024-08-19 17:22:17,300 - src.vacancy_api - INFO: Получение вакансий завершено
2024-08-19 18:34:32,657 - src.vacancy_api - INFO: Инициализация HeadHunterAPI с базовым URL
2024-08-19 18:34:32,657 - src.vacancy_api - INFO: Начало получения вакансий для списка работодателей
2024-08-19 18:34:32,657 - src.vacancy_api - INFO: Получение вакансий для работодателя ID 561525
2024-08-19 18:34:32,657 - src.vacancy_api - INFO: Запрос вакансий для работодателя ID 561525
2024-08-19 18:34:33,073 - src.vacancy_api - INFO: Запрос успешно выполнен для вакансий работодателя с ID 561525
2024-08-19 18:34:33,073 - src.vacancy_api - INFO: Получение вакансий для работодателя ID 1721871
2024-08-19 18:34:33,073 - src.vacancy_api - INFO: Запрос вакансий для работодателя ID 1721871
2024-08-19 18:34:33,466 - src.vacancy_api - INFO: Запрос успешно выполнен для вакансий работодателя с ID 1721871
2024-08-19 18:34:33,466 - src.vacancy_api - INFO: Получение вакансий для работодателя ID 10438139
2024-08-19 18:34:33,466 - src.vacancy_api - INFO: Запрос вакансий для работодателя ID 10438139
2024-08-19 18:34:33,784 - src.vacancy_api - INFO: Запрос успешно выполнен для вакансий работодателя с ID 10438139
2024-08-19 18:34:33,784 - src.vacancy_api - INFO: Получение вакансий для работодателя ID 9740285
2024-08-19 18:34:33,784 - src.vacancy_api - INFO: Запрос вакансий для работодателя ID 9740285
2024-08-19 18:34:34,166 - src.vacancy_api - INFO: Запрос успешно выполнен для вакансий работодателя с ID 9740285
2024-08-19 18:34:34,166 - src.vacancy_api - INFO: Получение вакансий для работодателя ID 4667763
2024-08-19 18:34:34,167 - src.vacancy_api - INFO: Запрос вакансий для работодателя ID 4667763
2024-08-19 18:34:34,484 - src.vacancy_api - INFO: Запрос успешно выполнен для вакансий работодателя с ID 4667763
2024-08-19 18:34:34,484 - src.vacancy_api - INFO: Получение вакансий для работодателя ID 985552
2024-08-19 18:34:34,484 - src.vacancy_api - INFO: Запрос вакансий для работодателя ID 985552
2024-08-19 18:34:34,793 - src.vacancy_api - INFO: Запрос успешно выполнен для вакансий работодателя с ID 985552
2024-08-19 18:34:34,793 - src.vacancy_api - INFO: Получение вакансий для работодателя ID 2628254
2024-08-19 18:34:34,793 - src.vacancy_api - INFO: Запрос вакансий для работодателя ID 2628254
2024-08-19 18:34:35,183 - src.vacancy_api - INFO: Запрос успешно выполнен для вакансий работодателя с ID 2628254
2024-08-19 18:34:35,183 - src.vacancy_api - INFO: Получение вакансий для работодателя ID 8932785
2024-08-19 18:34:35,183 - src.vacancy_api - INFO: Запрос вакансий для работодателя ID 8932785
2024-08-19 18:34:35,492 - src.vacancy_api - INFO: Запрос успешно выполнен для вакансий работодателя с ID 8932785
2024-08-19 18:34:35,492 - src.vacancy_api - INFO: Получение вакансий для работодателя ID 1178077
2024-08-19 18:34:35,492 - src.vacancy_api - INFO: Запрос вакансий для работодателя ID 1178077
2024-08-19 18:34:35,836 - src.vacancy_api - INFO: Запрос успешно выполнен для вакансий работодателя с ID 1178077
2024-08-19 18:34:35,837 - src.vacancy_api - INFO: Получение вакансий для работодателя ID 1455
2024-08-19 18:34:35,837 - src.vacancy_api - INFO: Запрос вакансий для работодателя ID 1455
2024-08-19 18:34:36,288 - src.vacancy_api - INFO: Запрос успешно выполнен для вакансий работодателя с ID 1455
2024-08-19 18:34:36,290 - src.vacancy_api - INFO: Получение вакансий завершено
2024-08-20 12:05:12,439 - src.vacancy_api - INFO: Инициализация HeadHunterAPI с базовым URL
2024-08-20 12:05:12,440 - src.vacancy_api - INFO: Начало получения вакансий для списка работодателей
2024-08-20 12:05:12,440 - src.vacancy_api - INFO: Получение вакансий для работодателя ID 561525
2024-08-20 12:05:12,440 - src.vacancy_api - INFO: Запрос вакансий для работодателя ID 561525
2024-08-20 12:05:12,792 - src.vacancy_api - INFO: Запрос успешно выполнен для вакансий работодателя с ID 561525
2024-08-20 12:05:12,793 - src.vacancy_api - INFO: Получение вакансий для работодателя ID 1721871
2024-08-20 12:05:12,793 - src.vacancy_api - INFO: Запрос вакансий для работодателя ID 1721871
2024-08-20 12:05:13,259 - src.vacancy_api - INFO: Запрос успешно выполнен для вакансий работодателя с ID 1721871
2024-08-20 12:05:13,260 - src.vacancy_api - INFO: Получение вакансий для работодателя ID 10438139
2024-08-20 12:05:13,260 - src.vacancy_api - INFO: Запрос вакансий для работодателя ID 10438139
2024-08-20 12:05:13,575 - src.vacancy_api - INFO: Запрос успешно выполнен для вакансий работодателя с ID 10438139
2024-08-20 12:05:13,575 - src.vacancy_api - INFO: Получение вакансий для работодателя ID 9740285
2024-08-20 12:05:13,575 - src.vacancy_api - INFO: Запрос вакансий для работодателя ID 9740285
2024-08-20 12:05:13,889 - src.vacancy_api - INFO: Запрос успешно выполнен для вакансий работодателя с ID 9740285
2024-08-20 12:05:13,890 - src.vacancy_api - INFO: Получение вакансий для работодателя ID 4667763
2024-08-20 12:05:13,890 - src.vacancy_api - INFO: Запрос вакансий для работодателя ID 4667763
2024-08-20 12:05:14,201 - src.vacancy_api - INFO: Запрос успешно выполнен для вакансий работодателя с ID 4667763
2024-08-20 12:05:14,202 - src.vacancy_api - INFO: Получение вакансий для работодателя ID 985552
2024-08-20 12:05:14,202 - src.vacancy_api - INFO: Запрос вакансий для работодателя ID 985552
2024-08-20 12:05:14,709 - src.vacancy_api - INFO: Запрос успешно выполнен для вакансий работодателя с ID 985552
2024-08-20 12:05:14,709 - src.vacancy_api - INFO: Получение вакансий для работодателя ID 2628254
2024-08-20 12:05:14,709 - src.vacancy_api - INFO: Запрос вакансий для работодателя ID 2628254
2024-08-20 12:05:15,133 - src.vacancy_api - INFO: Запрос успешно выполнен для вакансий работодателя с ID 2628254
2024-08-20 12:05:15,134 - src.vacancy_api - INFO: Получение вакансий для работодателя ID 8932785
2024-08-20 12:05:15,134 - src.vacancy_api - INFO: Запрос вакансий для работодателя ID 8932785
2024-08-20 12:05:15,469 - src.vacancy_api - INFO: Запрос успешно выполнен для вакансий работодателя с ID 8932785
2024-08-20 12:05:15,469 - src.vacancy_api - INFO: Получение вакансий для работодателя ID 1178077
2024-08-20 12:05:15,469 - src.vacancy_api - INFO: Запрос вакансий для работодателя ID 1178077
2024-08-20 12:05:15,795 - src.vacancy_api - INFO: Запрос успешно выполнен для вакансий работодателя с ID 1178077
2024-08-20 12:05:15,795 - src.vacancy_api - INFO: Получение вакансий для работодателя ID 1455
2024-08-20 12:05:15,795 - src.vacancy_api - INFO: Запрос вакансий для работодателя ID 1455
2024-08-20 12:05:16,289 - src.vacancy_api - INFO: Запрос успешно выполнен для вакансий работодателя с ID 1455
2024-08-20 12:05:16,291 - src.vacancy_api - INFO: Получение вакансий завершено
