2024-08-19 16:29:53,474 - src.manager_db - INFO: Инициализация подключения к базе данных
2024-08-19 16:29:53,566 - src.manager_db - INFO: Получение информации по количеству вакансий у каждого работодателя
2024-08-19 16:29:53,572 - src.manager_db - INFO: Получение всей информации по вакансиям
2024-08-19 16:29:53,575 - src.manager_db - INFO: Получение средней зарплаты по вакансиям
2024-08-19 16:29:53,576 - src.manager_db - INFO: Получение средней зарплаты по вакансиям
2024-08-19 16:29:53,576 - src.manager_db - INFO: Получение вакансий с зарплатой выше средней зарплаты: 98960.98
2024-08-19 16:30:17,622 - src.manager_db - INFO: Получение вакансий по ключевому слову: специалист
2024-08-19 16:30:17,626 - src.manager_db - INFO: Закрытие соединения с базой данных
2024-08-19 17:18:47,549 - src.manager_db - INFO: Инициализация подключения к базе данных
2024-08-19 17:18:47,642 - src.manager_db - INFO: Получение информации по количеству вакансий у каждого работодателя
2024-08-19 17:18:47,646 - src.manager_db - INFO: Получение всей информации по вакансиям
2024-08-19 17:18:47,652 - src.manager_db - INFO: Получение средней зарплаты по вакансиям
2024-08-19 17:18:47,653 - src.manager_db - INFO: Получение средней зарплаты по вакансиям
2024-08-19 17:18:47,653 - src.manager_db - INFO: Получение вакансий с зарплатой выше средней зарплаты: 99692.68
2024-08-19 17:19:50,556 - src.manager_db - INFO: Получение вакансий по ключевому слову: школа
2024-08-19 17:19:50,558 - src.manager_db - INFO: Закрытие соединения с базой данных
2024-08-19 18:34:36,932 - src.manager_db - INFO: Инициализация подключения к базе данных
2024-08-19 18:34:36,983 - src.manager_db - INFO: Получение информации по количеству вакансий у каждого работодателя
2024-08-19 18:34:36,985 - src.manager_db - INFO: Получение всей информации по вакансиям
2024-08-19 18:34:36,990 - src.manager_db - INFO: Получение средней зарплаты по вакансиям
2024-08-19 18:34:36,990 - src.manager_db - INFO: Получение средней зарплаты по вакансиям
2024-08-19 18:34:36,990 - src.manager_db - INFO: Получение вакансий с зарплатой выше средней зарплаты: 99214.46
2024-08-19 18:34:44,855 - src.manager_db - INFO: Получение вакансий по ключевому слову: менеджер
2024-08-19 18:34:44,861 - src.manager_db - INFO: Закрытие соединения с базой данных
2024-08-20 12:05:17,006 - src.manager_db - INFO: Инициализация подключения к базе данных
2024-08-20 12:05:17,065 - src.manager_db - INFO: Получение информации по количеству вакансий у каждого работодателя
2024-08-20 12:05:17,067 - src.manager_db - INFO: Получение всей информации по вакансиям
2024-08-20 12:05:17,070 - src.manager_db - INFO: Получение средней зарплаты по вакансиям
2024-08-20 12:05:17,071 - src.manager_db - INFO: Получение средней зарплаты по вакансиям
2024-08-20 12:05:17,072 - src.manager_db - INFO: Получение вакансий с зарплатой выше средней зарплаты: 99100.00
2024-08-20 12:06:00,704 - src.manager_db - INFO: Получение вакансий по ключевому слову: менеджер
2024-08-20 12:06:00,712 - src.manager_db - INFO: Закрытие соединения с базой данных
2024-08-21 15:43:28,088 - src.manager_db - INFO: Инициализация подключения к базе данных
2024-08-21 15:43:28,138 - src.manager_db - INFO: Получение информации по количеству вакансий у каждого работодателя
2024-08-21 15:43:28,140 - src.manager_db - INFO: Получение всей информации по вакансиям
2024-08-21 15:43:28,146 - src.manager_db - INFO: Получение средней зарплаты по вакансиям
2024-08-21 15:43:28,146 - src.manager_db - INFO: Получение средней зарплаты по вакансиям
2024-08-21 15:43:28,146 - src.manager_db - INFO: Получение вакансий с зарплатой выше средней зарплаты: 101354.76
2024-08-21 15:43:37,921 - src.manager_db - INFO: Получение вакансий по ключевому слову: senior
2024-08-21 15:43:37,923 - src.manager_db - INFO: Закрытие соединения с базой данных
2024-08-21 16:08:39,469 - src.manager_db - INFO: Инициализация подключения к базе данных
2024-08-21 16:08:39,517 - src.manager_db - INFO: Получение информации по количеству вакансий у каждого работодателя
2024-08-21 16:08:39,519 - src.manager_db - INFO: Получение всей информации по вакансиям
2024-08-21 16:08:39,521 - src.manager_db - INFO: Получение средней зарплаты по вакансиям
2024-08-21 16:08:39,521 - src.manager_db - INFO: Получение средней зарплаты по вакансиям
2024-08-21 16:08:39,521 - src.manager_db - INFO: Получение вакансий с зарплатой выше средней зарплаты: 101354.76
2024-08-21 16:08:46,738 - src.manager_db - INFO: Получение вакансий по ключевому слову: сетка
2024-08-21 16:08:46,740 - src.manager_db - INFO: Закрытие соединения с базой данных
