2024-08-21 15:43:23,182 - src.vacancy_api - INFO: Инициализация HeadHunterAPI с базовым URL
2024-08-21 15:43:23,183 - src.vacancy_api - INFO: Начало получения вакансий для списка работодателей
2024-08-21 15:43:23,183 - src.vacancy_api - INFO: Получение вакансий для работодателя ID 561525
2024-08-21 15:43:23,183 - src.vacancy_api - INFO: Запрос вакансий для работодателя ID 561525
2024-08-21 15:43:23,550 - src.vacancy_api - INFO: Запрос успешно выполнен для вакансий работодателя с ID 561525
2024-08-21 15:43:23,556 - src.vacancy_api - INFO: Получение вакансий для работодателя ID 1721871
2024-08-21 15:43:23,557 - src.vacancy_api - INFO: Запрос вакансий для работодателя ID 1721871
2024-08-21 15:43:24,015 - src.vacancy_api - INFO: Запрос успешно выполнен для вакансий работодателя с ID 1721871
2024-08-21 15:43:24,016 - src.vacancy_api - INFO: Получение вакансий для работодателя ID 10438139
2024-08-21 15:43:24,016 - src.vacancy_api - INFO: Запрос вакансий для работодателя ID 10438139
2024-08-21 15:43:24,333 - src.vacancy_api - INFO: Запрос успешно выполнен для вакансий работодателя с ID 10438139
2024-08-21 15:43:24,333 - src.vacancy_api - INFO: Получение вакансий для работодателя ID 9740285
2024-08-21 15:43:24,333 - src.vacancy_api - INFO: Запрос вакансий для работодателя ID 9740285
2024-08-21 15:43:24,654 - src.vacancy_api - INFO: Запрос успешно выполнен для вакансий работодателя с ID 9740285
2024-08-21 15:43:24,655 - src.vacancy_api - INFO: Получение вакансий для работодателя ID 4667763
2024-08-21 15:43:24,655 - src.vacancy_api - INFO: Запрос вакансий для работодателя ID 4667763
2024-08-21 15:43:24,976 - src.vacancy_api - INFO: Запрос успешно выполнен для вакансий работодателя с ID 4667763
2024-08-21 15:43:24,977 - src.vacancy_api - INFO: Получение вакансий для работодателя ID 985552
2024-08-21 15:43:24,977 - src.vacancy_api - INFO: Запрос вакансий для работодателя ID 985552
2024-08-21 15:43:25,331 - src.vacancy_api - INFO: Запрос успешно выполнен для вакансий работодателя с ID 985552
2024-08-21 15:43:25,331 - src.vacancy_api - INFO: Получение вакансий для работодателя ID 2628254
2024-08-21 15:43:25,331 - src.vacancy_api - INFO: Запрос вакансий для работодателя ID 2628254
2024-08-21 15:43:26,136 - src.vacancy_api - INFO: Запрос успешно выполнен для вакансий работодателя с ID 2628254
2024-08-21 15:43:26,137 - src.vacancy_api - INFO: Получение вакансий для работодателя ID 8932785
2024-08-21 15:43:26,137 - src.vacancy_api - INFO: Запрос вакансий для работодателя ID 8932785
2024-08-21 15:43:26,436 - src.vacancy_api - INFO: Запрос успешно выполнен для вакансий работодателя с ID 8932785
2024-08-21 15:43:26,436 - src.vacancy_api - INFO: Получение вакансий для работодателя ID 1178077
2024-08-21 15:43:26,436 - src.vacancy_api - INFO: Запрос вакансий для работодателя ID 1178077
2024-08-21 15:43:26,764 - src.vacancy_api - INFO: Запрос успешно выполнен для вакансий работодателя с ID 1178077
2024-08-21 15:43:26,765 - src.vacancy_api - INFO: Получение вакансий для работодателя ID 1455
2024-08-21 15:43:26,765 - src.vacancy_api - INFO: Запрос вакансий для работодателя ID 1455
2024-08-21 15:43:27,313 - src.vacancy_api - INFO: Запрос успешно выполнен для вакансий работодателя с ID 1455
2024-08-21 15:43:27,314 - src.vacancy_api - INFO: Получение вакансий завершено
2024-08-21 16:08:32,599 - src.vacancy_api - INFO: Инициализация HeadHunterAPI с базовым URL
2024-08-21 16:08:32,599 - src.vacancy_api - INFO: Начало получения вакансий для списка работодателей
2024-08-21 16:08:32,599 - src.vacancy_api - INFO: Получение вакансий для работодателя ID 561525
2024-08-21 16:08:32,599 - src.vacancy_api - INFO: Запрос вакансий для работодателя ID 561525
2024-08-21 16:08:33,288 - src.vacancy_api - INFO: Запрос успешно выполнен для вакансий работодателя с ID 561525
2024-08-21 16:08:33,288 - src.vacancy_api - INFO: Получение вакансий для работодателя ID 1721871
2024-08-21 16:08:33,288 - src.vacancy_api - INFO: Запрос вакансий для работодателя ID 1721871
2024-08-21 16:08:34,052 - src.vacancy_api - INFO: Запрос успешно выполнен для вакансий работодателя с ID 1721871
2024-08-21 16:08:34,053 - src.vacancy_api - INFO: Получение вакансий для работодателя ID 10438139
2024-08-21 16:08:34,053 - src.vacancy_api - INFO: Запрос вакансий для работодателя ID 10438139
2024-08-21 16:08:34,546 - src.vacancy_api - INFO: Запрос успешно выполнен для вакансий работодателя с ID 10438139
2024-08-21 16:08:34,547 - src.vacancy_api - INFO: Получение вакансий для работодателя ID 9740285
2024-08-21 16:08:34,547 - src.vacancy_api - INFO: Запрос вакансий для работодателя ID 9740285
2024-08-21 16:08:35,074 - src.vacancy_api - INFO: Запрос успешно выполнен для вакансий работодателя с ID 9740285
2024-08-21 16:08:35,075 - src.vacancy_api - INFO: Получение вакансий для работодателя ID 4667763
2024-08-21 16:08:35,075 - src.vacancy_api - INFO: Запрос вакансий для работодателя ID 4667763
2024-08-21 16:08:35,588 - src.vacancy_api - INFO: Запрос успешно выполнен для вакансий работодателя с ID 4667763
2024-08-21 16:08:35,588 - src.vacancy_api - INFO: Получение вакансий для работодателя ID 985552
2024-08-21 16:08:35,588 - src.vacancy_api - INFO: Запрос вакансий для работодателя ID 985552
2024-08-21 16:08:36,244 - src.vacancy_api - INFO: Запрос успешно выполнен для вакансий работодателя с ID 985552
2024-08-21 16:08:36,244 - src.vacancy_api - INFO: Получение вакансий для работодателя ID 2628254
2024-08-21 16:08:36,244 - src.vacancy_api - INFO: Запрос вакансий для работодателя ID 2628254
2024-08-21 16:08:36,758 - src.vacancy_api - INFO: Запрос успешно выполнен для вакансий работодателя с ID 2628254
2024-08-21 16:08:36,759 - src.vacancy_api - INFO: Получение вакансий для работодателя ID 8932785
2024-08-21 16:08:36,759 - src.vacancy_api - INFO: Запрос вакансий для работодателя ID 8932785
2024-08-21 16:08:37,240 - src.vacancy_api - INFO: Запрос успешно выполнен для вакансий работодателя с ID 8932785
2024-08-21 16:08:37,241 - src.vacancy_api - INFO: Получение вакансий для работодателя ID 1178077
2024-08-21 16:08:37,241 - src.vacancy_api - INFO: Запрос вакансий для работодателя ID 1178077
2024-08-21 16:08:37,873 - src.vacancy_api - INFO: Запрос успешно выполнен для вакансий работодателя с ID 1178077
2024-08-21 16:08:37,874 - src.vacancy_api - INFO: Получение вакансий для работодателя ID 1455
2024-08-21 16:08:37,874 - src.vacancy_api - INFO: Запрос вакансий для работодателя ID 1455
2024-08-21 16:08:38,813 - src.vacancy_api - INFO: Запрос успешно выполнен для вакансий работодателя с ID 1455
2024-08-21 16:08:38,815 - src.vacancy_api - INFO: Получение вакансий завершено
2024-08-24 22:41:52,495 - src.vacancy_api - INFO: Инициализация HeadHunterAPI с базовым URL
2024-08-24 22:47:23,117 - src.vacancy_api - INFO: Инициализация HeadHunterAPI с базовым URL
2024-08-24 22:59:41,310 - src.vacancy_api - INFO: Инициализация HeadHunterAPI с базовым URL
2024-08-24 22:59:41,310 - src.vacancy_api - INFO: Начало получения вакансий для списка работодателей
2024-08-24 22:59:41,310 - src.vacancy_api - INFO: Получение вакансий для работодателя ID 561525
2024-08-24 22:59:41,310 - src.vacancy_api - INFO: Запрос вакансий для работодателя ID 561525
2024-08-24 22:59:41,637 - src.vacancy_api - INFO: Запрос успешно выполнен для вакансий работодателя с ID 561525
2024-08-24 22:59:41,638 - src.vacancy_api - INFO: Получение вакансий для работодателя ID 1721871
2024-08-24 22:59:41,638 - src.vacancy_api - INFO: Запрос вакансий для работодателя ID 1721871
2024-08-24 22:59:41,984 - src.vacancy_api - INFO: Запрос успешно выполнен для вакансий работодателя с ID 1721871
2024-08-24 22:59:41,984 - src.vacancy_api - INFO: Получение вакансий для работодателя ID 10438139
2024-08-24 22:59:41,984 - src.vacancy_api - INFO: Запрос вакансий для работодателя ID 10438139
2024-08-24 22:59:42,275 - src.vacancy_api - INFO: Запрос успешно выполнен для вакансий работодателя с ID 10438139
2024-08-24 22:59:42,275 - src.vacancy_api - INFO: Получение вакансий для работодателя ID 9740285
2024-08-24 22:59:42,275 - src.vacancy_api - INFO: Запрос вакансий для работодателя ID 9740285
2024-08-24 22:59:42,585 - src.vacancy_api - INFO: Запрос успешно выполнен для вакансий работодателя с ID 9740285
2024-08-24 22:59:42,585 - src.vacancy_api - INFO: Получение вакансий для работодателя ID 4667763
2024-08-24 22:59:42,585 - src.vacancy_api - INFO: Запрос вакансий для работодателя ID 4667763
2024-08-24 22:59:42,904 - src.vacancy_api - INFO: Запрос успешно выполнен для вакансий работодателя с ID 4667763
2024-08-24 22:59:42,904 - src.vacancy_api - INFO: Получение вакансий для работодателя ID 985552
2024-08-24 22:59:42,905 - src.vacancy_api - INFO: Запрос вакансий для работодателя ID 985552
2024-08-24 22:59:43,230 - src.vacancy_api - INFO: Запрос успешно выполнен для вакансий работодателя с ID 985552
2024-08-24 22:59:43,231 - src.vacancy_api - INFO: Получение вакансий для работодателя ID 2628254
2024-08-24 22:59:43,231 - src.vacancy_api - INFO: Запрос вакансий для работодателя ID 2628254
2024-08-24 22:59:43,608 - src.vacancy_api - INFO: Запрос успешно выполнен для вакансий работодателя с ID 2628254
2024-08-24 22:59:43,609 - src.vacancy_api - INFO: Получение вакансий для работодателя ID 8932785
2024-08-24 22:59:43,609 - src.vacancy_api - INFO: Запрос вакансий для работодателя ID 8932785
2024-08-24 22:59:43,901 - src.vacancy_api - INFO: Запрос успешно выполнен для вакансий работодателя с ID 8932785
2024-08-24 22:59:43,901 - src.vacancy_api - INFO: Получение вакансий для работодателя ID 1178077
2024-08-24 22:59:43,901 - src.vacancy_api - INFO: Запрос вакансий для работодателя ID 1178077
2024-08-24 22:59:44,210 - src.vacancy_api - INFO: Запрос успешно выполнен для вакансий работодателя с ID 1178077
2024-08-24 22:59:44,211 - src.vacancy_api - INFO: Получение вакансий для работодателя ID 1455
2024-08-24 22:59:44,211 - src.vacancy_api - INFO: Запрос вакансий для работодателя ID 1455
2024-08-24 22:59:44,650 - src.vacancy_api - INFO: Запрос успешно выполнен для вакансий работодателя с ID 1455
2024-08-24 22:59:44,652 - src.vacancy_api - INFO: Получение вакансий завершено
2024-08-24 23:21:15,013 - src.vacancy_api - INFO: Инициализация HeadHunterAPI с базовым URL
2024-08-24 23:21:15,013 - src.vacancy_api - INFO: Начало получения вакансий для списка работодателей
2024-08-24 23:21:15,013 - src.vacancy_api - INFO: Получение вакансий для работодателя ID [
2024-08-24 23:21:15,013 - src.vacancy_api - INFO: Запрос вакансий для работодателя ID [
2024-08-24 23:21:15,472 - src.vacancy_api - ERROR: Ошибка запроса к API при получении вакансий: 400 Client Error: Bad Request for url: https://api.hh.ru/vacancies?employer_id=%5B&per_page=50
2024-08-24 23:26:15,765 - src.vacancy_api - INFO: Инициализация HeadHunterAPI с базовым URL
2024-08-24 23:26:15,766 - src.vacancy_api - INFO: Начало получения вакансий для списка работодателей
2024-08-24 23:26:15,766 - src.vacancy_api - INFO: Получение вакансий для работодателя ID 561525
2024-08-24 23:26:15,766 - src.vacancy_api - INFO: Запрос вакансий для работодателя ID 561525
2024-08-24 23:26:16,243 - src.vacancy_api - INFO: Запрос успешно выполнен для вакансий работодателя с ID 561525
2024-08-24 23:26:16,243 - src.vacancy_api - INFO: Получение вакансий для работодателя ID 1721871
2024-08-24 23:26:16,243 - src.vacancy_api - INFO: Запрос вакансий для работодателя ID 1721871
2024-08-24 23:26:16,586 - src.vacancy_api - INFO: Запрос успешно выполнен для вакансий работодателя с ID 1721871
2024-08-24 23:26:16,587 - src.vacancy_api - INFO: Получение вакансий для работодателя ID 10438139
2024-08-24 23:26:16,587 - src.vacancy_api - INFO: Запрос вакансий для работодателя ID 10438139
2024-08-24 23:26:16,886 - src.vacancy_api - INFO: Запрос успешно выполнен для вакансий работодателя с ID 10438139
2024-08-24 23:26:16,886 - src.vacancy_api - INFO: Получение вакансий для работодателя ID 9740285
2024-08-24 23:26:16,886 - src.vacancy_api - INFO: Запрос вакансий для работодателя ID 9740285
2024-08-24 23:26:17,274 - src.vacancy_api - INFO: Запрос успешно выполнен для вакансий работодателя с ID 9740285
2024-08-24 23:26:17,274 - src.vacancy_api - INFO: Получение вакансий для работодателя ID 4667763
2024-08-24 23:26:17,275 - src.vacancy_api - INFO: Запрос вакансий для работодателя ID 4667763
2024-08-24 23:26:17,571 - src.vacancy_api - INFO: Запрос успешно выполнен для вакансий работодателя с ID 4667763
2024-08-24 23:26:17,572 - src.vacancy_api - INFO: Получение вакансий для работодателя ID 985552
2024-08-24 23:26:17,572 - src.vacancy_api - INFO: Запрос вакансий для работодателя ID 985552
2024-08-24 23:26:17,870 - src.vacancy_api - INFO: Запрос успешно выполнен для вакансий работодателя с ID 985552
2024-08-24 23:26:17,870 - src.vacancy_api - INFO: Получение вакансий для работодателя ID 2628254
2024-08-24 23:26:17,870 - src.vacancy_api - INFO: Запрос вакансий для работодателя ID 2628254
2024-08-24 23:26:18,357 - src.vacancy_api - INFO: Запрос успешно выполнен для вакансий работодателя с ID 2628254
2024-08-24 23:26:18,358 - src.vacancy_api - INFO: Получение вакансий для работодателя ID 8932785
2024-08-24 23:26:18,359 - src.vacancy_api - INFO: Запрос вакансий для работодателя ID 8932785
2024-08-24 23:26:18,724 - src.vacancy_api - INFO: Запрос успешно выполнен для вакансий работодателя с ID 8932785
2024-08-24 23:26:18,724 - src.vacancy_api - INFO: Получение вакансий для работодателя ID 1178077
2024-08-24 23:26:18,724 - src.vacancy_api - INFO: Запрос вакансий для работодателя ID 1178077
2024-08-24 23:26:19,146 - src.vacancy_api - INFO: Запрос успешно выполнен для вакансий работодателя с ID 1178077
2024-08-24 23:26:19,146 - src.vacancy_api - INFO: Получение вакансий для работодателя ID 1455
2024-08-24 23:26:19,146 - src.vacancy_api - INFO: Запрос вакансий для работодателя ID 1455
2024-08-24 23:26:19,606 - src.vacancy_api - INFO: Запрос успешно выполнен для вакансий работодателя с ID 1455
2024-08-24 23:26:19,607 - src.vacancy_api - INFO: Получение вакансий завершено
2024-08-24 23:29:28,362 - src.vacancy_api - INFO: Инициализация HeadHunterAPI с базовым URL
2024-08-24 23:29:28,363 - src.vacancy_api - INFO: Начало получения вакансий для списка работодателей
2024-08-24 23:29:28,363 - src.vacancy_api - INFO: Получение вакансий для работодателя ID 561525
2024-08-24 23:29:28,363 - src.vacancy_api - INFO: Запрос вакансий для работодателя ID 561525
2024-08-24 23:29:28,690 - src.vacancy_api - INFO: Запрос успешно выполнен для вакансий работодателя с ID 561525
2024-08-24 23:29:28,691 - src.vacancy_api - INFO: Получение вакансий для работодателя ID 1721871
2024-08-24 23:29:28,691 - src.vacancy_api - INFO: Запрос вакансий для работодателя ID 1721871
2024-08-24 23:29:29,006 - src.vacancy_api - INFO: Запрос успешно выполнен для вакансий работодателя с ID 1721871
2024-08-24 23:29:29,007 - src.vacancy_api - INFO: Получение вакансий для работодателя ID 10438139
2024-08-24 23:29:29,007 - src.vacancy_api - INFO: Запрос вакансий для работодателя ID 10438139
2024-08-24 23:29:29,300 - src.vacancy_api - INFO: Запрос успешно выполнен для вакансий работодателя с ID 10438139
2024-08-24 23:29:29,301 - src.vacancy_api - INFO: Получение вакансий для работодателя ID 9740285
2024-08-24 23:29:29,301 - src.vacancy_api - INFO: Запрос вакансий для работодателя ID 9740285
2024-08-24 23:29:29,608 - src.vacancy_api - INFO: Запрос успешно выполнен для вакансий работодателя с ID 9740285
2024-08-24 23:29:29,608 - src.vacancy_api - INFO: Получение вакансий для работодателя ID 4667763
2024-08-24 23:29:29,608 - src.vacancy_api - INFO: Запрос вакансий для работодателя ID 4667763
2024-08-24 23:29:29,912 - src.vacancy_api - INFO: Запрос успешно выполнен для вакансий работодателя с ID 4667763
2024-08-24 23:29:29,912 - src.vacancy_api - INFO: Получение вакансий для работодателя ID 985552
2024-08-24 23:29:29,912 - src.vacancy_api - INFO: Запрос вакансий для работодателя ID 985552
2024-08-24 23:29:30,227 - src.vacancy_api - INFO: Запрос успешно выполнен для вакансий работодателя с ID 985552
2024-08-24 23:29:30,228 - src.vacancy_api - INFO: Получение вакансий для работодателя ID 2628254
2024-08-24 23:29:30,228 - src.vacancy_api - INFO: Запрос вакансий для работодателя ID 2628254
2024-08-24 23:29:30,582 - src.vacancy_api - INFO: Запрос успешно выполнен для вакансий работодателя с ID 2628254
2024-08-24 23:29:30,583 - src.vacancy_api - INFO: Получение вакансий для работодателя ID 8932785
2024-08-24 23:29:30,583 - src.vacancy_api - INFO: Запрос вакансий для работодателя ID 8932785
2024-08-24 23:29:30,877 - src.vacancy_api - INFO: Запрос успешно выполнен для вакансий работодателя с ID 8932785
2024-08-24 23:29:30,878 - src.vacancy_api - INFO: Получение вакансий для работодателя ID 1178077
2024-08-24 23:29:30,878 - src.vacancy_api - INFO: Запрос вакансий для работодателя ID 1178077
2024-08-24 23:29:31,432 - src.vacancy_api - INFO: Запрос успешно выполнен для вакансий работодателя с ID 1178077
2024-08-24 23:29:31,432 - src.vacancy_api - INFO: Получение вакансий для работодателя ID 1455
2024-08-24 23:29:31,432 - src.vacancy_api - INFO: Запрос вакансий для работодателя ID 1455
2024-08-24 23:29:32,094 - src.vacancy_api - INFO: Запрос успешно выполнен для вакансий работодателя с ID 1455
2024-08-24 23:29:32,096 - src.vacancy_api - INFO: Получение вакансий завершено
